Aug 08, 2021 14:42:12.167 [0x75808d78] INFO - Plex Tuner Service v1.0.0.0 - Docker Docker Container (LinuxServer.io) armv7l - build: 
Aug 08, 2021 14:42:12.168 [0x75808d78] INFO - Linux version: 4.19.66-v7+ (#1253 SMP Thu Aug 15 11:49:46 BST 2019), language: en-US
Aug 08, 2021 14:42:12.168 [0x75808d78] INFO - Processor Arm
Aug 08, 2021 14:42:12.168 [0x75808d78] INFO - /usr/lib/plexmediaserver/Plex Tuner Service /usr/lib/plexmediaserver/Resources/Tuner/Private /usr/lib/plexmediaserver/Resources/Tuner/Shared 1.23.5.4862-0f739d462 32600
Aug 08, 2021 14:42:12.157 [0x76d33dcc] INFO - [I] broker_t::start...
Aug 08, 2021 14:42:12.268 [0x76d33dcc] INFO - [I] device_manager_t::init.
Aug 08, 2021 14:42:12.268 [0x76d33dcc] INFO - [I] device_manager_t::init. Initialize provider manager
Aug 08, 2021 14:42:12.268 [0x76d33dcc] INFO - [I] device_manager_t::init. Initialize all device auxes
Aug 08, 2021 14:42:12.268 [0x76d33dcc] INFO - [I] dvb_device_factory_t::get_aux_list
Aug 08, 2021 14:42:12.269 [0x76d33dcc] INFO - [I] tvbutler_aux_t::init
Aug 08, 2021 14:42:12.278 [0x76d33dcc] INFO - [I] web_server_t::start. Starting web server on port 32600
Aug 08, 2021 14:42:12.849 [0x753e8d78] INFO - [I] web_service_t::process_device_discovery
Aug 08, 2021 14:42:12.850 [0x753e8d78] INFO - [I] device_reactor_t::get_device_list ()
Aug 08, 2021 14:42:14.896 [0x753e8d78] INFO - [I] SAT2IP - discover_satip_servers(): no servers found
Aug 08, 2021 14:42:15.319 [0x753e8d78] INFO - [I] v4l::DeviceGetList_impl. getting v4l device list
Aug 08, 2021 14:42:15.349 [0x753e8d78] INFO - [I] onetv_factory::DeviceGetListEx >>
Aug 08, 2021 14:42:15.353 [0x753e8d78] INFO - [I] onetv_factory::DeviceGetListEx. Found device 5426:132
Aug 08, 2021 14:42:15.353 [0x753e8d78] INFO - [I] onetv_factory::DeviceGetListEx. Found device 1060:30720
Aug 08, 2021 14:42:15.359 [0x753e8d78] INFO - [I] onetv_factory::DeviceGetListEx. Found device 1152:2305
Aug 08, 2021 14:42:15.359 [0x753e8d78] INFO - [I] onetv_factory::DeviceGetListEx. Found device 1133:49948
Aug 08, 2021 14:42:15.360 [0x753e8d78] INFO - [I] onetv_factory::DeviceGetListEx. Found device 3034:43025
Aug 08, 2021 14:42:15.360 [0x753e8d78] INFO - [I] onetv_factory::DeviceGetListEx. Found device 1060:9492
Aug 08, 2021 14:42:15.360 [0x753e8d78] INFO - [I] onetv_factory::DeviceGetListEx. Found device 1060:9492
Aug 08, 2021 14:42:15.360 [0x753e8d78] INFO - [I] onetv_factory::DeviceGetListEx. Found device 7531:2
Aug 08, 2021 14:45:34.661 [0x76d33dcc] INFO - Received SIGINT: Interrupt from keyboard.
Aug 08, 2021 14:45:34.710 [0x76d33dcc] INFO - [I] device_manager_t::term
Aug 08, 2021 14:45:34.710 [0x76d33dcc] INFO - [I] device_manager_t::term. Stop all devices
Aug 08, 2021 14:45:34.711 [0x76d33dcc] INFO - [I] device_manager_t::term. Shut down all device auxes
Aug 08, 2021 14:45:34.711 [0x76d33dcc] INFO - [I] tvbutler_aux_t::term
Aug 08, 2021 14:45:34.747 [0x76d33dcc] INFO - [I] web_server_t::stop. Web server is stopped
Aug 08, 2021 14:45:34.747 [0x76d33dcc] INFO - [I] device_manager_t::term
Aug 08, 2021 14:45:34.747 [0x76d33dcc] INFO - [I] device_manager_t::term. Stop all devices
Aug 08, 2021 14:45:34.747 [0x76d33dcc] INFO - [I] device_manager_t::term. Shut down all device auxes
Aug 08, 2021 14:45:34.747 [0x76d33dcc] INFO - [I] broker_t::shutdown. Shutdown is completed.
