Aug 08, 2021 14:55:36.526 [0x747f9d50] INFO - Plex Media Scanner v1.23.5.4862-0f739d462 - Docker Docker Container (LinuxServer.io) armv7l - build: linux-armv7neon - GMT 01:00
Aug 08, 2021 14:55:36.527 [0x747f9d50] INFO - Linux version: 4.19.66-v7+, language: en-US
Aug 08, 2021 14:55:36.527 [0x747f9d50] INFO - Processor Arm
Aug 08, 2021 14:55:36.527 [0x747f9d50] INFO - /usr/lib/plexmediaserver/Plex Media Scanner --analyze --log-file-suffix  Analysis --no-thumbs --item 1236
Aug 08, 2021 14:55:36.493 [0x76cd7dcc] DEBUG - Opening 20 database sessions to library (com.plexapp.plugins.library), SQLite 3.35.5, threadsafe=1
Aug 08, 2021 14:55:37.343 [0x76cd7dcc] DEBUG - Analyzing media parts for item 1236 (Watership Down): 2656
Aug 08, 2021 14:55:37.352 [0x76cd7dcc] DEBUG - Downloading document http://127.0.0.1:32400/library/changestamp
Aug 08, 2021 14:55:37.352 [0x76cd7dcc] DEBUG - HTTP requesting GET http://127.0.0.1:32400/library/changestamp
Aug 08, 2021 14:55:37.379 [0x76cd7dcc] DEBUG - HTTP/1.1 (0.0s) 200 response from GET http://127.0.0.1:32400/library/changestamp
Aug 08, 2021 14:55:37.380 [0x76cd7dcc] DEBUG - Updating metadata item (save) (Watership Down) with ID 1236
Aug 08, 2021 14:55:37.618 [0x76cd7dcc] DEBUG - [ID 2656] Media part analysis: /movies/Watership Down (1978)/Watership.Down.1978.mp4
Aug 08, 2021 14:55:37.619 [0x76cd7dcc] DEBUG - [MI] Opening input file: "/movies/Watership Down (1978)/Watership.Down.1978.mp4"
Aug 08, 2021 14:55:37.620 [0x76cd7dcc] DEBUG - [FFMPEG] - Opening '/movies/Watership Down (1978)/Watership.Down.1978.mp4' for reading
Aug 08, 2021 14:55:37.620 [0x76cd7dcc] DEBUG - [FFMPEG] - Setting default whitelist 'file,crypto'
Aug 08, 2021 14:55:37.636 [0x76cd7dcc] DEBUG - [FFMPEG] - Format mov,mp4,m4a,3gp,3g2,mj2 probed with size=2048 and score=100
Aug 08, 2021 14:55:37.637 [0x76cd7dcc] DEBUG - [FFMPEG] - ISO: File Type Major Brand: isom
Aug 08, 2021 14:55:37.637 [0x76cd7dcc] DEBUG - [FFMPEG] - Unknown dref type 0x206c7275 size 12
Aug 08, 2021 14:55:37.842 [0x76cd7dcc] DEBUG - [FFMPEG] - Processing st: 0, edit list 0 - media time: -1, duration: 1764
Aug 08, 2021 14:55:37.842 [0x76cd7dcc] DEBUG - [FFMPEG] - Processing st: 0, edit list 1 - media time: 0, duration: 232872940
Aug 08, 2021 14:55:37.893 [0x76cd7dcc] DEBUG - [FFMPEG] - Unknown dref type 0x206c7275 size 12
Aug 08, 2021 14:55:38.028 [0x76cd7dcc] DEBUG - [FFMPEG] - Processing st: 1, edit list 0 - media time: 0, duration: 475268400
Aug 08, 2021 14:55:38.029 [0x76cd7dcc] WARN - [FFMPEG] - st: 1 edit list: 1 Missing key frame while searching for timestamp: 0
Aug 08, 2021 14:55:38.029 [0x76cd7dcc] WARN - [FFMPEG] - st: 1 edit list 1 Cannot find an index entry before timestamp: 0.
Aug 08, 2021 14:55:38.095 [0x76cd7dcc] DEBUG - [FFMPEG] - Setting codecpar->delay to 2 for stream st: 1
Aug 08, 2021 14:55:38.097 [0x76cd7dcc] DEBUG - [FFMPEG] - Before avformat_find_stream_info() pos: 4615710 bytes read:4644626 seeks:0 nb_streams:2
Aug 08, 2021 14:55:38.100 [0x76cd7dcc] DEBUG - [FFMPEG] - nal_unit_type: 7(SPS), nal_ref_idc: 3
Aug 08, 2021 14:55:38.101 [0x76cd7dcc] DEBUG - [FFMPEG] - nal_unit_type: 8(PPS), nal_ref_idc: 3
Aug 08, 2021 14:55:38.102 [0x76cd7dcc] DEBUG - [FFMPEG] - nal_unit_type: 6(SEI), nal_ref_idc: 0
Aug 08, 2021 14:55:38.103 [0x76cd7dcc] DEBUG - [FFMPEG] - nal_unit_type: 5(IDR), nal_ref_idc: 3
Aug 08, 2021 14:55:38.103 [0x76cd7dcc] DEBUG - [FFMPEG] - Format yuv420p chosen by get_format().
Aug 08, 2021 14:55:38.108 [0x76cd7dcc] DEBUG - [FFMPEG] - no picture 
Aug 08, 2021 14:55:38.112 [0x76cd7dcc] DEBUG - [FFMPEG] - nal_unit_type: 1(Coded slice of a non-IDR picture), nal_ref_idc: 2
Aug 08, 2021 14:55:38.115 [0x76cd7dcc] DEBUG - [FFMPEG] - no picture 
Aug 08, 2021 14:55:38.121 [0x76cd7dcc] DEBUG - [FFMPEG] - probing stream 0 pp:2500
Aug 08, 2021 14:55:38.122 [0x76cd7dcc] DEBUG - [FFMPEG] - Probe with size=417, packets=1 detected mp2 with score=1
Aug 08, 2021 14:55:38.123 [0x76cd7dcc] DEBUG - [FFMPEG] - probing stream 0 pp:2499
Aug 08, 2021 14:55:38.125 [0x76cd7dcc] DEBUG - [FFMPEG] - Probe with size=834, packets=2 detected mp2 with score=5
Aug 08, 2021 14:55:38.126 [0x76cd7dcc] DEBUG - [FFMPEG] - probing stream 0 pp:2498
Aug 08, 2021 14:55:38.128 [0x76cd7dcc] DEBUG - [FFMPEG] - Probe with size=1251, packets=3 detected mp2 with score=5
Aug 08, 2021 14:55:38.128 [0x76cd7dcc] DEBUG - [FFMPEG] - probing stream 0 pp:2497
Aug 08, 2021 14:55:38.129 [0x76cd7dcc] DEBUG - [FFMPEG] - probing stream 0 pp:2496
Aug 08, 2021 14:55:38.130 [0x76cd7dcc] DEBUG - [FFMPEG] - Probe with size=2085, packets=5 detected mp2 with score=25
Aug 08, 2021 14:55:38.130 [0x76cd7dcc] DEBUG - [FFMPEG] - probed stream 0
Aug 08, 2021 14:55:38.131 [0x76cd7dcc] DEBUG - [FFMPEG] - nal_unit_type: 1(Coded slice of a non-IDR picture), nal_ref_idc: 2
Aug 08, 2021 14:55:38.141 [0x76cd7dcc] DEBUG - [FFMPEG] - All info found
Aug 08, 2021 14:55:38.143 [0x76cd7dcc] DEBUG - [FFMPEG] - After avformat_find_stream_info() pos: 4618692 bytes read:4644626 seeks:0 frames:5
Aug 08, 2021 14:55:38.144 [0x76cd7dcc] DEBUG - [MI] Opening "/movies/Watership Down (1978)/Watership.Down.1978.mp4" for MP4 atom parsing
Aug 08, 2021 14:55:38.146 [0x76cd7dcc] DEBUG - Mp4AtomParser: Skipping ftyp atom of size 24 at offset 0
Aug 08, 2021 14:55:38.146 [0x76cd7dcc] DEBUG - Mp4AtomParser: Found moov atom of size 4615670 at offset 24
Aug 08, 2021 14:55:38.166 [0x76cd7dcc] DEBUG - Mp4AtomParser: Found trak atom of size 2542433 at offset 140
Aug 08, 2021 14:55:38.167 [0x76cd7dcc] DEBUG - Mp4AtomParser: Found trak atom of size 2073077 at offset 2542573
Aug 08, 2021 14:55:38.167 [0x76cd7dcc] DEBUG - Mp4AtomParser: Found mdia atom of size 2542285 at offset 288
Aug 08, 2021 14:55:38.167 [0x76cd7dcc] DEBUG - Mp4AtomParser: Found minf atom of size 2542200 at offset 373
Aug 08, 2021 14:55:38.167 [0x76cd7dcc] DEBUG - Mp4AtomParser: Found stbl atom of size 2542140 at offset 433
Aug 08, 2021 14:55:38.167 [0x76cd7dcc] DEBUG - Mp4AtomParser: Found mdia atom of size 2072941 at offset 2542709
Aug 08, 2021 14:55:38.167 [0x76cd7dcc] DEBUG - Mp4AtomParser: Found minf atom of size 2072856 at offset 2542794
Aug 08, 2021 14:55:38.167 [0x76cd7dcc] DEBUG - Mp4AtomParser: Found stbl atom of size 2072792 at offset 2542858
Aug 08, 2021 14:55:38.198 [0x76cd7dcc] DEBUG - [MI]  * 6eed5e74258775cb5f1b248bc088cc2e5021b7d5 [mp4 h264/mp2] Duration: 5280640ms, 720x576 (1.333333) 25.000fps, bitrate=1150kbps, audio channels=2, optimizedForStreaming=1 ("/movies/Watership Down (1978)/Watership.Down.1978.mp4")
Aug 08, 2021 14:55:38.207 [0x76cd7dcc] DEBUG - [MI] Chapters had generic titles, clearing.
Aug 08, 2021 14:55:38.216 [0x76cd7dcc] DEBUG - [MI] Closing input file: "/movies/Watership Down (1978)/Watership.Down.1978.mp4"
Aug 08, 2021 14:55:38.260 [0x76cd7dcc] DEBUG - Committing media stream changes for part 2656
Aug 08, 2021 14:55:38.272 [0x76cd7dcc] DEBUG - Updating media item 2656, size=759532245, metadata_item_id=1236
Aug 08, 2021 14:55:38.275 [0x76cd7dcc] DEBUG - Updating part with ID=2656 [/movies/Watership Down (1978)/Watership.Down.1978.mp4]
Aug 08, 2021 14:55:38.302 [0x73e9ed50] DEBUG - HTTP requesting GET http://127.0.0.1:32400/:/metadata/notify/changeItemState?librarySectionID=1&metadataItemID=1236&metadataType=1&state=-1&parentID=-1&rootID=-1&mediaState=analyzing
Aug 08, 2021 14:55:38.315 [0x73e9ed50] DEBUG - HTTP/1.1 (0.0s) 200 response from GET http://127.0.0.1:32400/:/metadata/notify/changeItemState?librarySectionID=1&metadataItemID=1236&metadataType=1&state=-1&parentID=-1&rootID=-1&mediaState=analyzing (reused)
Aug 08, 2021 14:55:38.319 [0x73e9ed50] DEBUG - HTTP requesting GET http://127.0.0.1:32400/:/metadata/notify/changeItemState?librarySectionID=1&metadataItemID=1236&metadataType=1&state=-1&parentID=-1&rootID=-1&mediaState=idle
Aug 08, 2021 14:55:38.332 [0x76cd7dcc] DEBUG - Downloading document http://127.0.0.1:32400/library/changestamp
Aug 08, 2021 14:55:38.337 [0x73e9ed50] DEBUG - HTTP/1.1 (0.0s) 200 response from GET http://127.0.0.1:32400/:/metadata/notify/changeItemState?librarySectionID=1&metadataItemID=1236&metadataType=1&state=-1&parentID=-1&rootID=-1&mediaState=idle (reused)
Aug 08, 2021 14:55:38.343 [0x76cd7dcc] DEBUG - HTTP requesting GET http://127.0.0.1:32400/library/changestamp
Aug 08, 2021 14:55:38.352 [0x76cd7dcc] DEBUG - HTTP/1.1 (0.0s) 200 response from GET http://127.0.0.1:32400/library/changestamp (reused)
Aug 08, 2021 14:55:38.354 [0x76cd7dcc] DEBUG - Updating metadata item (save) (Watership Down) with ID 1236
