Aug 08, 2021 14:55:51.865 [0x747a2d50] INFO - Plex Media Scanner v1.23.5.4862-0f739d462 - Docker Docker Container (LinuxServer.io) armv7l - build: linux-armv7neon - GMT 01:00
Aug 08, 2021 14:55:51.866 [0x747a2d50] INFO - Linux version: 4.19.66-v7+, language: en-US
Aug 08, 2021 14:55:51.866 [0x747a2d50] INFO - Processor Arm
Aug 08, 2021 14:55:51.867 [0x747a2d50] INFO - /usr/lib/plexmediaserver/Plex Media Scanner --analyze --log-file-suffix  Analysis --no-thumbs --item 1274,1275,1276,1277,1278,1279
Aug 08, 2021 14:55:51.867 [0x76c80dcc] DEBUG - Opening 20 database sessions to library (com.plexapp.plugins.library), SQLite 3.35.5, threadsafe=1
Aug 08, 2021 14:55:52.446 [0x76c80dcc] DEBUG - Analyzing media parts for item 1274 (Pilot): 2717
Aug 08, 2021 14:55:52.449 [0x76c80dcc] DEBUG - Downloading document http://127.0.0.1:32400/library/changestamp
Aug 08, 2021 14:55:52.449 [0x76c80dcc] DEBUG - HTTP requesting GET http://127.0.0.1:32400/library/changestamp
Aug 08, 2021 14:55:52.452 [0x76c80dcc] DEBUG - HTTP/1.1 (0.0s) 200 response from GET http://127.0.0.1:32400/library/changestamp
Aug 08, 2021 14:55:52.453 [0x76c80dcc] DEBUG - Updating metadata item (save) (Pilot) with ID 1274
Aug 08, 2021 14:55:52.461 [0x73ddfd50] DEBUG - HTTP requesting GET http://127.0.0.1:32400/:/metadata/flushMetadataCounterCache?metadataItemID=1272
Aug 08, 2021 14:55:52.465 [0x73ddfd50] DEBUG - HTTP/1.1 (0.0s) 200 response from GET http://127.0.0.1:32400/:/metadata/flushMetadataCounterCache?metadataItemID=1272 (reused)
Aug 08, 2021 14:55:52.466 [0x76c80dcc] DEBUG - [ID 2717] Media part analysis: /tv/The Office (U.S)/Season 1/The.Office.-.s01e01.mp4
Aug 08, 2021 14:55:52.466 [0x76c80dcc] DEBUG - [MI] Opening input file: "/tv/The Office (U.S)/Season 1/The.Office.-.s01e01.mp4"
Aug 08, 2021 14:55:52.467 [0x76c80dcc] DEBUG - [FFMPEG] - Opening '/tv/The Office (U.S)/Season 1/The.Office.-.s01e01.mp4' for reading
Aug 08, 2021 14:55:52.467 [0x76c80dcc] DEBUG - [FFMPEG] - Setting default whitelist 'file,crypto'
Aug 08, 2021 14:55:52.469 [0x76c80dcc] DEBUG - [FFMPEG] - Format mov,mp4,m4a,3gp,3g2,mj2 probed with size=2048 and score=100
Aug 08, 2021 14:55:52.469 [0x76c80dcc] DEBUG - [FFMPEG] - ISO: File Type Major Brand: isom
Aug 08, 2021 14:55:52.469 [0x76c80dcc] DEBUG - [FFMPEG] - Unknown dref type 0x206c7275 size 12
Aug 08, 2021 14:55:52.511 [0x76c80dcc] DEBUG - [FFMPEG] - Processing st: 0, edit list 0 - media time: -1, duration: 4234
Aug 08, 2021 14:55:52.511 [0x76c80dcc] DEBUG - [FFMPEG] - Processing st: 0, edit list 1 - media time: 0, duration: 58587503
Aug 08, 2021 14:55:52.520 [0x76c80dcc] DEBUG - [FFMPEG] - Unknown dref type 0x206c7275 size 12
Aug 08, 2021 14:55:52.556 [0x76c80dcc] DEBUG - [FFMPEG] - Processing st: 1, edit list 0 - media time: 0, duration: 119588400
Aug 08, 2021 14:55:52.556 [0x76c80dcc] WARN - [FFMPEG] - st: 1 edit list: 1 Missing key frame while searching for timestamp: 0
Aug 08, 2021 14:55:52.556 [0x76c80dcc] WARN - [FFMPEG] - st: 1 edit list 1 Cannot find an index entry before timestamp: 0.
Aug 08, 2021 14:55:52.570 [0x76c80dcc] DEBUG - [FFMPEG] - Offset DTS by 7200 to make first pts zero.
Aug 08, 2021 14:55:52.574 [0x76c80dcc] DEBUG - [FFMPEG] - Setting codecpar->delay to 2 for stream st: 1
Aug 08, 2021 14:55:52.575 [0x76c80dcc] DEBUG - [FFMPEG] - Before avformat_find_stream_info() pos: 1132549 bytes read:1163458 seeks:0 nb_streams:2
Aug 08, 2021 14:55:52.578 [0x76c80dcc] DEBUG - [FFMPEG] - nal_unit_type: 7(SPS), nal_ref_idc: 3
Aug 08, 2021 14:55:52.578 [0x76c80dcc] DEBUG - [FFMPEG] - nal_unit_type: 8(PPS), nal_ref_idc: 3
Aug 08, 2021 14:55:52.578 [0x76c80dcc] DEBUG - [FFMPEG] - nal_unit_type: 6(SEI), nal_ref_idc: 0
Aug 08, 2021 14:55:52.578 [0x76c80dcc] DEBUG - [FFMPEG] - nal_unit_type: 5(IDR), nal_ref_idc: 3
Aug 08, 2021 14:55:52.578 [0x76c80dcc] DEBUG - [FFMPEG] - Format yuv420p chosen by get_format().
Aug 08, 2021 14:55:52.581 [0x76c80dcc] DEBUG - [FFMPEG] - no picture 
Aug 08, 2021 14:55:52.585 [0x76c80dcc] DEBUG - [FFMPEG] - nal_unit_type: 1(Coded slice of a non-IDR picture), nal_ref_idc: 2
Aug 08, 2021 14:55:52.587 [0x76c80dcc] DEBUG - [FFMPEG] - no picture 
Aug 08, 2021 14:55:52.591 [0x76c80dcc] DEBUG - [FFMPEG] - nal_unit_type: 1(Coded slice of a non-IDR picture), nal_ref_idc: 2
Aug 08, 2021 14:55:52.600 [0x76c80dcc] DEBUG - [FFMPEG] - probing stream 0 pp:2500
Aug 08, 2021 14:55:52.600 [0x76c80dcc] DEBUG - [FFMPEG] - Probe with size=417, packets=1 detected mp2 with score=1
Aug 08, 2021 14:55:52.600 [0x76c80dcc] DEBUG - [FFMPEG] - probing stream 0 pp:2499
Aug 08, 2021 14:55:52.600 [0x76c80dcc] DEBUG - [FFMPEG] - Probe with size=834, packets=2 detected mp2 with score=5
Aug 08, 2021 14:55:52.601 [0x76c80dcc] DEBUG - [FFMPEG] - probing stream 0 pp:2498
Aug 08, 2021 14:55:52.601 [0x76c80dcc] DEBUG - [FFMPEG] - Probe with size=1251, packets=3 detected mp2 with score=5
Aug 08, 2021 14:55:52.601 [0x76c80dcc] DEBUG - [FFMPEG] - probing stream 0 pp:2497
Aug 08, 2021 14:55:52.601 [0x76c80dcc] DEBUG - [FFMPEG] - probing stream 0 pp:2496
Aug 08, 2021 14:55:52.602 [0x76c80dcc] DEBUG - [FFMPEG] - Probe with size=2085, packets=5 detected mp2 with score=25
Aug 08, 2021 14:55:52.602 [0x76c80dcc] DEBUG - [FFMPEG] - probed stream 0
Aug 08, 2021 14:55:52.602 [0x76c80dcc] DEBUG - [FFMPEG] - nal_unit_type: 1(Coded slice of a non-IDR picture), nal_ref_idc: 0
Aug 08, 2021 14:55:52.610 [0x76c80dcc] DEBUG - [FFMPEG] - All info found
Aug 08, 2021 14:55:52.611 [0x76c80dcc] DEBUG - [FFMPEG] - After avformat_find_stream_info() pos: 1135563 bytes read:1163458 seeks:0 frames:6
Aug 08, 2021 14:55:52.611 [0x76c80dcc] DEBUG - [MI] Opening "/tv/The Office (U.S)/Season 1/The.Office.-.s01e01.mp4" for MP4 atom parsing
Aug 08, 2021 14:55:52.612 [0x76c80dcc] DEBUG - Mp4AtomParser: Skipping ftyp atom of size 24 at offset 0
Aug 08, 2021 14:55:52.612 [0x76c80dcc] DEBUG - Mp4AtomParser: Found moov atom of size 1132509 at offset 24
Aug 08, 2021 14:55:52.616 [0x76c80dcc] DEBUG - Mp4AtomParser: Found trak atom of size 639985 at offset 140
Aug 08, 2021 14:55:52.616 [0x76c80dcc] DEBUG - Mp4AtomParser: Found trak atom of size 492365 at offset 640125
Aug 08, 2021 14:55:52.616 [0x76c80dcc] DEBUG - Mp4AtomParser: Found mdia atom of size 639837 at offset 288
Aug 08, 2021 14:55:52.616 [0x76c80dcc] DEBUG - Mp4AtomParser: Found minf atom of size 639752 at offset 373
Aug 08, 2021 14:55:52.616 [0x76c80dcc] DEBUG - Mp4AtomParser: Found stbl atom of size 639692 at offset 433
Aug 08, 2021 14:55:52.616 [0x76c80dcc] DEBUG - Mp4AtomParser: Found mdia atom of size 492229 at offset 640261
Aug 08, 2021 14:55:52.616 [0x76c80dcc] DEBUG - Mp4AtomParser: Found minf atom of size 492144 at offset 640346
Aug 08, 2021 14:55:52.616 [0x76c80dcc] DEBUG - Mp4AtomParser: Found stbl atom of size 492080 at offset 640410
Aug 08, 2021 14:55:52.617 [0x76c80dcc] DEBUG - [MI]  * 5961a91036eece964662fd90b69ae0f9ef422ff9 [mp4 h264/mp2] Duration: 1328640ms, 720x576 (1.777778) 25.000fps, bitrate=823kbps, audio channels=2, optimizedForStreaming=1 ("/tv/The Office (U.S)/Season 1/The.Office.-.s01e01.mp4")
Aug 08, 2021 14:55:52.618 [0x76c80dcc] DEBUG - [MI] Chapters had generic titles, clearing.
Aug 08, 2021 14:55:52.619 [0x76c80dcc] DEBUG - [MI] Closing input file: "/tv/The Office (U.S)/Season 1/The.Office.-.s01e01.mp4"
Aug 08, 2021 14:55:52.625 [0x76c80dcc] DEBUG - Committing media stream changes for part 2717
Aug 08, 2021 14:55:52.630 [0x76c80dcc] DEBUG - Updating media item 2717, size=136725278, metadata_item_id=1274
Aug 08, 2021 14:55:52.630 [0x76c80dcc] DEBUG - Updating part with ID=2717 [/tv/The Office (U.S)/Season 1/The.Office.-.s01e01.mp4]
Aug 08, 2021 14:55:52.631 [0x73ddfd50] DEBUG - HTTP requesting GET http://127.0.0.1:32400/:/metadata/notify/changeItemState?librarySectionID=2&metadataItemID=1274&metadataType=4&state=-1&parentID=-1&rootID=-1&mediaState=analyzing
Aug 08, 2021 14:55:52.642 [0x76c80dcc] DEBUG - Downloading document http://127.0.0.1:32400/library/changestamp
Aug 08, 2021 14:55:52.642 [0x76c80dcc] DEBUG - HTTP requesting GET http://127.0.0.1:32400/library/changestamp
Aug 08, 2021 14:55:52.646 [0x73ddfd50] DEBUG - HTTP/1.1 (0.0s) 200 response from GET http://127.0.0.1:32400/:/metadata/notify/changeItemState?librarySectionID=2&metadataItemID=1274&metadataType=4&state=-1&parentID=-1&rootID=-1&mediaState=analyzing (reused)
Aug 08, 2021 14:55:52.646 [0x73ddfd50] DEBUG - HTTP requesting GET http://127.0.0.1:32400/:/metadata/notify/changeItemState?librarySectionID=2&metadataItemID=1274&metadataType=4&state=-1&parentID=-1&rootID=-1&mediaState=idle
Aug 08, 2021 14:55:52.648 [0x76c80dcc] DEBUG - HTTP/1.1 (0.0s) 200 response from GET http://127.0.0.1:32400/library/changestamp
Aug 08, 2021 14:55:52.649 [0x76c80dcc] DEBUG - Updating metadata item (save) (Pilot) with ID 1274
Aug 08, 2021 14:55:52.663 [0x73ddfd50] DEBUG - HTTP/1.1 (0.0s) 200 response from GET http://127.0.0.1:32400/:/metadata/notify/changeItemState?librarySectionID=2&metadataItemID=1274&metadataType=4&state=-1&parentID=-1&rootID=-1&mediaState=idle (reused)
Aug 08, 2021 14:55:52.667 [0x76c80dcc] DEBUG - Analyzing media parts for item 1275 (Diversity Day): 2718
Aug 08, 2021 14:55:52.670 [0x76c80dcc] DEBUG - Downloading document http://127.0.0.1:32400/library/changestamp
Aug 08, 2021 14:55:52.670 [0x76c80dcc] DEBUG - HTTP requesting GET http://127.0.0.1:32400/library/changestamp
Aug 08, 2021 14:55:52.677 [0x76c80dcc] DEBUG - HTTP/1.1 (0.0s) 200 response from GET http://127.0.0.1:32400/library/changestamp (reused)
Aug 08, 2021 14:55:52.678 [0x76c80dcc] DEBUG - Updating metadata item (save) (Diversity Day) with ID 1275
Aug 08, 2021 14:55:52.684 [0x73ddfd50] DEBUG - HTTP requesting GET http://127.0.0.1:32400/:/metadata/flushMetadataCounterCache?metadataItemID=1272
Aug 08, 2021 14:55:52.686 [0x76c80dcc] DEBUG - [ID 2718] Media part analysis: /tv/The Office (U.S)/Season 1/The.Office.-.s01e02.mp4
Aug 08, 2021 14:55:52.691 [0x76c80dcc] DEBUG - [MI] Opening input file: "/tv/The Office (U.S)/Season 1/The.Office.-.s01e02.mp4"
Aug 08, 2021 14:55:52.691 [0x76c80dcc] DEBUG - [FFMPEG] - Opening '/tv/The Office (U.S)/Season 1/The.Office.-.s01e02.mp4' for reading
Aug 08, 2021 14:55:52.691 [0x76c80dcc] DEBUG - [FFMPEG] - Setting default whitelist 'file,crypto'
Aug 08, 2021 14:55:52.695 [0x73ddfd50] DEBUG - HTTP/1.1 (0.0s) 200 response from GET http://127.0.0.1:32400/:/metadata/flushMetadataCounterCache?metadataItemID=1272 (reused)
Aug 08, 2021 14:55:52.696 [0x73ddfd50] DEBUG - HTTP requesting GET http://127.0.0.1:32400/:/metadata/flushMetadataCounterCache?metadataItemID=1272
Aug 08, 2021 14:55:52.697 [0x76c80dcc] DEBUG - [FFMPEG] - Format mov,mp4,m4a,3gp,3g2,mj2 probed with size=2048 and score=100
Aug 08, 2021 14:55:52.697 [0x76c80dcc] DEBUG - [FFMPEG] - ISO: File Type Major Brand: isom
Aug 08, 2021 14:55:52.698 [0x76c80dcc] DEBUG - [FFMPEG] - Unknown dref type 0x206c7275 size 12
Aug 08, 2021 14:55:52.702 [0x73ddfd50] DEBUG - HTTP/1.1 (0.0s) 200 response from GET http://127.0.0.1:32400/:/metadata/flushMetadataCounterCache?metadataItemID=1272 (reused)
Aug 08, 2021 14:55:52.754 [0x76c80dcc] DEBUG - [FFMPEG] - Processing st: 0, edit list 0 - media time: -1, duration: 706
Aug 08, 2021 14:55:52.754 [0x76c80dcc] DEBUG - [FFMPEG] - Processing st: 0, edit list 1 - media time: 0, duration: 55457075
Aug 08, 2021 14:55:52.763 [0x76c80dcc] DEBUG - [FFMPEG] - Unknown dref type 0x206c7275 size 12
Aug 08, 2021 14:55:52.793 [0x76c80dcc] DEBUG - [FFMPEG] - Processing st: 1, edit list 0 - media time: 0, duration: 113191200
Aug 08, 2021 14:55:52.793 [0x76c80dcc] WARN - [FFMPEG] - st: 1 edit list: 1 Missing key frame while searching for timestamp: 0
Aug 08, 2021 14:55:52.794 [0x76c80dcc] WARN - [FFMPEG] - st: 1 edit list 1 Cannot find an index entry before timestamp: 0.
Aug 08, 2021 14:55:52.807 [0x76c80dcc] DEBUG - [FFMPEG] - Offset DTS by 7200 to make first pts zero.
Aug 08, 2021 14:55:52.811 [0x76c80dcc] DEBUG - [FFMPEG] - Setting codecpar->delay to 2 for stream st: 1
Aug 08, 2021 14:55:52.813 [0x76c80dcc] DEBUG - [FFMPEG] - Before avformat_find_stream_info() pos: 1069457 bytes read:1074698 seeks:0 nb_streams:2
Aug 08, 2021 14:55:52.814 [0x76c80dcc] DEBUG - [FFMPEG] - nal_unit_type: 7(SPS), nal_ref_idc: 3
Aug 08, 2021 14:55:52.814 [0x76c80dcc] DEBUG - [FFMPEG] - nal_unit_type: 8(PPS), nal_ref_idc: 3
Aug 08, 2021 14:55:52.815 [0x76c80dcc] DEBUG - [FFMPEG] - nal_unit_type: 6(SEI), nal_ref_idc: 0
Aug 08, 2021 14:55:52.816 [0x76c80dcc] DEBUG - [FFMPEG] - nal_unit_type: 5(IDR), nal_ref_idc: 3
Aug 08, 2021 14:55:52.816 [0x76c80dcc] DEBUG - [FFMPEG] - Format yuv420p chosen by get_format().
Aug 08, 2021 14:55:52.819 [0x76c80dcc] DEBUG - [FFMPEG] - no picture 
Aug 08, 2021 14:55:52.823 [0x76c80dcc] DEBUG - [FFMPEG] - probing stream 0 pp:2500
Aug 08, 2021 14:55:52.824 [0x76c80dcc] DEBUG - [FFMPEG] - Probe with size=417, packets=1 detected mp2 with score=1
Aug 08, 2021 14:55:52.825 [0x76c80dcc] DEBUG - [FFMPEG] - probing stream 0 pp:2499
Aug 08, 2021 14:55:52.825 [0x76c80dcc] DEBUG - [FFMPEG] - Probe with size=834, packets=2 detected mp2 with score=5
Aug 08, 2021 14:55:52.826 [0x76c80dcc] DEBUG - [FFMPEG] - probing stream 0 pp:2498
Aug 08, 2021 14:55:52.826 [0x76c80dcc] DEBUG - [FFMPEG] - Probe with size=1251, packets=3 detected mp2 with score=5
Aug 08, 2021 14:55:52.827 [0x76c80dcc] DEBUG - [FFMPEG] - probing stream 0 pp:2497
Aug 08, 2021 14:55:52.827 [0x76c80dcc] DEBUG - [FFMPEG] - probing stream 0 pp:2496
Aug 08, 2021 14:55:52.828 [0x76c80dcc] DEBUG - [FFMPEG] - Probe with size=2085, packets=5 detected mp2 with score=25
Aug 08, 2021 14:55:52.828 [0x76c80dcc] DEBUG - [FFMPEG] - probed stream 0
Aug 08, 2021 14:55:52.829 [0x76c80dcc] DEBUG - [FFMPEG] - nal_unit_type: 1(Coded slice of a non-IDR picture), nal_ref_idc: 2
Aug 08, 2021 14:55:52.830 [0x76c80dcc] DEBUG - [FFMPEG] - no picture 
Aug 08, 2021 14:55:52.835 [0x76c80dcc] DEBUG - [FFMPEG] - All info found
Aug 08, 2021 14:55:52.835 [0x76c80dcc] DEBUG - [FFMPEG] - After avformat_find_stream_info() pos: 1072416 bytes read:1074698 seeks:0 frames:4
Aug 08, 2021 14:55:52.836 [0x76c80dcc] DEBUG - [MI] Opening "/tv/The Office (U.S)/Season 1/The.Office.-.s01e02.mp4" for MP4 atom parsing
Aug 08, 2021 14:55:52.836 [0x76c80dcc] DEBUG - Mp4AtomParser: Skipping ftyp atom of size 24 at offset 0
Aug 08, 2021 14:55:52.836 [0x76c80dcc] DEBUG - Mp4AtomParser: Found moov atom of size 1069417 at offset 24
Aug 08, 2021 14:55:52.840 [0x76c80dcc] DEBUG - Mp4AtomParser: Found trak atom of size 605801 at offset 140
Aug 08, 2021 14:55:52.840 [0x76c80dcc] DEBUG - Mp4AtomParser: Found trak atom of size 463457 at offset 605941
Aug 08, 2021 14:55:52.841 [0x76c80dcc] DEBUG - Mp4AtomParser: Found mdia atom of size 605653 at offset 288
Aug 08, 2021 14:55:52.841 [0x76c80dcc] DEBUG - Mp4AtomParser: Found minf atom of size 605568 at offset 373
Aug 08, 2021 14:55:52.841 [0x76c80dcc] DEBUG - Mp4AtomParser: Found stbl atom of size 605508 at offset 433
Aug 08, 2021 14:55:52.841 [0x76c80dcc] DEBUG - Mp4AtomParser: Found mdia atom of size 463321 at offset 606077
Aug 08, 2021 14:55:52.841 [0x76c80dcc] DEBUG - Mp4AtomParser: Found minf atom of size 463236 at offset 606162
Aug 08, 2021 14:55:52.841 [0x76c80dcc] DEBUG - Mp4AtomParser: Found stbl atom of size 463172 at offset 606226
Aug 08, 2021 14:55:52.842 [0x76c80dcc] DEBUG - [MI]  * fed1bc0f0d69e18f19fa711719d1612aa45f1b0b [mp4 h264/mp2] Duration: 1257560ms, 720x576 (1.777778) 25.000fps, bitrate=895kbps, audio channels=2, optimizedForStreaming=1 ("/tv/The Office (U.S)/Season 1/The.Office.-.s01e02.mp4")
Aug 08, 2021 14:55:52.843 [0x76c80dcc] DEBUG - [MI] Chapters had generic titles, clearing.
Aug 08, 2021 14:55:52.845 [0x76c80dcc] DEBUG - [MI] Closing input file: "/tv/The Office (U.S)/Season 1/The.Office.-.s01e02.mp4"
Aug 08, 2021 14:55:52.850 [0x76c80dcc] DEBUG - Committing media stream changes for part 2718
Aug 08, 2021 14:55:52.854 [0x76c80dcc] DEBUG - Updating media item 2718, size=140803270, metadata_item_id=1275
Aug 08, 2021 14:55:52.855 [0x76c80dcc] DEBUG - Updating part with ID=2718 [/tv/The Office (U.S)/Season 1/The.Office.-.s01e02.mp4]
Aug 08, 2021 14:55:52.858 [0x73ddfd50] DEBUG - HTTP requesting GET http://127.0.0.1:32400/:/metadata/notify/changeItemState?librarySectionID=2&metadataItemID=1275&metadataType=4&state=-1&parentID=-1&rootID=-1&mediaState=analyzing
Aug 08, 2021 14:55:52.867 [0x73ddfd50] DEBUG - HTTP/1.1 (0.0s) 200 response from GET http://127.0.0.1:32400/:/metadata/notify/changeItemState?librarySectionID=2&metadataItemID=1275&metadataType=4&state=-1&parentID=-1&rootID=-1&mediaState=analyzing (reused)
Aug 08, 2021 14:55:52.868 [0x73ddfd50] DEBUG - HTTP requesting GET http://127.0.0.1:32400/:/metadata/notify/changeItemState?librarySectionID=2&metadataItemID=1275&metadataType=4&state=-1&parentID=-1&rootID=-1&mediaState=idle
Aug 08, 2021 14:55:52.873 [0x76c80dcc] DEBUG - Downloading document http://127.0.0.1:32400/library/changestamp
Aug 08, 2021 14:55:52.874 [0x76c80dcc] DEBUG - HTTP requesting GET http://127.0.0.1:32400/library/changestamp
Aug 08, 2021 14:55:52.874 [0x73ddfd50] DEBUG - HTTP/1.1 (0.0s) 200 response from GET http://127.0.0.1:32400/:/metadata/notify/changeItemState?librarySectionID=2&metadataItemID=1275&metadataType=4&state=-1&parentID=-1&rootID=-1&mediaState=idle (reused)
Aug 08, 2021 14:55:52.879 [0x76c80dcc] DEBUG - HTTP/1.1 (0.0s) 200 response from GET http://127.0.0.1:32400/library/changestamp (reused)
Aug 08, 2021 14:55:52.885 [0x76c80dcc] DEBUG - Updating metadata item (save) (Diversity Day) with ID 1275
Aug 08, 2021 14:55:52.905 [0x73ddfd50] DEBUG - HTTP requesting GET http://127.0.0.1:32400/:/metadata/flushMetadataCounterCache?metadataItemID=1272
Aug 08, 2021 14:55:52.913 [0x73ddfd50] DEBUG - HTTP/1.1 (0.0s) 200 response from GET http://127.0.0.1:32400/:/metadata/flushMetadataCounterCache?metadataItemID=1272 (reused)
Aug 08, 2021 14:55:52.918 [0x76c80dcc] DEBUG - Analyzing media parts for item 1276 (Health Care): 2719
Aug 08, 2021 14:55:52.921 [0x76c80dcc] DEBUG - Downloading document http://127.0.0.1:32400/library/changestamp
Aug 08, 2021 14:55:52.922 [0x76c80dcc] DEBUG - HTTP requesting GET http://127.0.0.1:32400/library/changestamp
Aug 08, 2021 14:55:52.926 [0x76c80dcc] DEBUG - HTTP/1.1 (0.0s) 200 response from GET http://127.0.0.1:32400/library/changestamp (reused)
Aug 08, 2021 14:55:52.927 [0x76c80dcc] DEBUG - Updating metadata item (save) (Health Care) with ID 1276
Aug 08, 2021 14:55:52.974 [0x73ddfd50] DEBUG - HTTP requesting GET http://127.0.0.1:32400/:/metadata/flushMetadataCounterCache?metadataItemID=1272
Aug 08, 2021 14:55:52.977 [0x73ddfd50] DEBUG - HTTP/1.1 (0.0s) 200 response from GET http://127.0.0.1:32400/:/metadata/flushMetadataCounterCache?metadataItemID=1272 (reused)
Aug 08, 2021 14:55:52.979 [0x76c80dcc] DEBUG - [ID 2719] Media part analysis: /tv/The Office (U.S)/Season 1/The.Office.-.s01e03.mp4
Aug 08, 2021 14:55:52.983 [0x76c80dcc] DEBUG - [MI] Opening input file: "/tv/The Office (U.S)/Season 1/The.Office.-.s01e03.mp4"
Aug 08, 2021 14:55:52.984 [0x76c80dcc] DEBUG - [FFMPEG] - Opening '/tv/The Office (U.S)/Season 1/The.Office.-.s01e03.mp4' for reading
Aug 08, 2021 14:55:52.985 [0x76c80dcc] DEBUG - [FFMPEG] - Setting default whitelist 'file,crypto'
Aug 08, 2021 14:55:52.987 [0x76c80dcc] DEBUG - [FFMPEG] - Format mov,mp4,m4a,3gp,3g2,mj2 probed with size=2048 and score=100
Aug 08, 2021 14:55:52.987 [0x76c80dcc] DEBUG - [FFMPEG] - ISO: File Type Major Brand: isom
Aug 08, 2021 14:55:52.988 [0x76c80dcc] DEBUG - [FFMPEG] - Unknown dref type 0x206c7275 size 12
Aug 08, 2021 14:55:53.024 [0x76c80dcc] DEBUG - [FFMPEG] - Processing st: 0, edit list 0 - media time: -1, duration: 4939
Aug 08, 2021 14:55:53.024 [0x76c80dcc] DEBUG - [FFMPEG] - Processing st: 0, edit list 1 - media time: 0, duration: 56108047
Aug 08, 2021 14:55:53.033 [0x76c80dcc] DEBUG - [FFMPEG] - Unknown dref type 0x206c7275 size 12
Aug 08, 2021 14:55:53.068 [0x76c80dcc] DEBUG - [FFMPEG] - Processing st: 1, edit list 0 - media time: 0, duration: 114530400
Aug 08, 2021 14:55:53.069 [0x76c80dcc] WARN - [FFMPEG] - st: 1 edit list: 1 Missing key frame while searching for timestamp: 0
Aug 08, 2021 14:55:53.069 [0x76c80dcc] WARN - [FFMPEG] - st: 1 edit list 1 Cannot find an index entry before timestamp: 0.
Aug 08, 2021 14:55:53.085 [0x76c80dcc] DEBUG - [FFMPEG] - Offset DTS by 7200 to make first pts zero.
Aug 08, 2021 14:55:53.089 [0x76c80dcc] DEBUG - [FFMPEG] - Setting codecpar->delay to 2 for stream st: 1
Aug 08, 2021 14:55:53.093 [0x76c80dcc] DEBUG - [FFMPEG] - Before avformat_find_stream_info() pos: 1087069 bytes read:1090830 seeks:0 nb_streams:2
Aug 08, 2021 14:55:53.094 [0x76c80dcc] DEBUG - [FFMPEG] - nal_unit_type: 7(SPS), nal_ref_idc: 3
Aug 08, 2021 14:55:53.094 [0x76c80dcc] DEBUG - [FFMPEG] - nal_unit_type: 8(PPS), nal_ref_idc: 3
Aug 08, 2021 14:55:53.094 [0x76c80dcc] DEBUG - [FFMPEG] - nal_unit_type: 6(SEI), nal_ref_idc: 0
Aug 08, 2021 14:55:53.095 [0x76c80dcc] DEBUG - [FFMPEG] - nal_unit_type: 5(IDR), nal_ref_idc: 3
Aug 08, 2021 14:55:53.095 [0x76c80dcc] DEBUG - [FFMPEG] - Format yuv420p chosen by get_format().
Aug 08, 2021 14:55:53.098 [0x76c80dcc] DEBUG - [FFMPEG] - no picture 
Aug 08, 2021 14:55:53.102 [0x76c80dcc] DEBUG - [FFMPEG] - nal_unit_type: 1(Coded slice of a non-IDR picture), nal_ref_idc: 2
Aug 08, 2021 14:55:53.106 [0x76c80dcc] DEBUG - [FFMPEG] - no picture 
Aug 08, 2021 14:55:53.110 [0x76c80dcc] DEBUG - [FFMPEG] - nal_unit_type: 1(Coded slice of a non-IDR picture), nal_ref_idc: 2
Aug 08, 2021 14:55:53.119 [0x76c80dcc] DEBUG - [FFMPEG] - probing stream 0 pp:2500
Aug 08, 2021 14:55:53.120 [0x76c80dcc] DEBUG - [FFMPEG] - Probe with size=417, packets=1 detected mp2 with score=1
Aug 08, 2021 14:55:53.120 [0x76c80dcc] DEBUG - [FFMPEG] - probing stream 0 pp:2499
Aug 08, 2021 14:55:53.120 [0x76c80dcc] DEBUG - [FFMPEG] - Probe with size=834, packets=2 detected mp2 with score=5
Aug 08, 2021 14:55:53.120 [0x76c80dcc] DEBUG - [FFMPEG] - probing stream 0 pp:2498
Aug 08, 2021 14:55:53.121 [0x76c80dcc] DEBUG - [FFMPEG] - Probe with size=1251, packets=3 detected mp2 with score=5
Aug 08, 2021 14:55:53.121 [0x76c80dcc] DEBUG - [FFMPEG] - probing stream 0 pp:2497
Aug 08, 2021 14:55:53.121 [0x76c80dcc] DEBUG - [FFMPEG] - probing stream 0 pp:2496
Aug 08, 2021 14:55:53.122 [0x76c80dcc] DEBUG - [FFMPEG] - Probe with size=2085, packets=5 detected mp2 with score=25
Aug 08, 2021 14:55:53.122 [0x76c80dcc] DEBUG - [FFMPEG] - probed stream 0
Aug 08, 2021 14:55:53.122 [0x76c80dcc] DEBUG - [FFMPEG] - nal_unit_type: 1(Coded slice of a non-IDR picture), nal_ref_idc: 0
Aug 08, 2021 14:55:53.131 [0x76c80dcc] DEBUG - [FFMPEG] - All info found
Aug 08, 2021 14:55:53.132 [0x76c80dcc] DEBUG - [FFMPEG] - After avformat_find_stream_info() pos: 1090083 bytes read:1090830 seeks:0 frames:6
Aug 08, 2021 14:55:53.132 [0x76c80dcc] DEBUG - [MI] Opening "/tv/The Office (U.S)/Season 1/The.Office.-.s01e03.mp4" for MP4 atom parsing
Aug 08, 2021 14:55:53.133 [0x76c80dcc] DEBUG - Mp4AtomParser: Skipping ftyp atom of size 24 at offset 0
Aug 08, 2021 14:55:53.133 [0x76c80dcc] DEBUG - Mp4AtomParser: Found moov atom of size 1087029 at offset 24
Aug 08, 2021 14:55:53.136 [0x76c80dcc] DEBUG - Mp4AtomParser: Found trak atom of size 612917 at offset 140
Aug 08, 2021 14:55:53.136 [0x76c80dcc] DEBUG - Mp4AtomParser: Found trak atom of size 473953 at offset 613057
Aug 08, 2021 14:55:53.136 [0x76c80dcc] DEBUG - Mp4AtomParser: Found mdia atom of size 612769 at offset 288
Aug 08, 2021 14:55:53.136 [0x76c80dcc] DEBUG - Mp4AtomParser: Found minf atom of size 612684 at offset 373
Aug 08, 2021 14:55:53.136 [0x76c80dcc] DEBUG - Mp4AtomParser: Found stbl atom of size 612624 at offset 433
Aug 08, 2021 14:55:53.136 [0x76c80dcc] DEBUG - Mp4AtomParser: Found mdia atom of size 473817 at offset 613193
Aug 08, 2021 14:55:53.136 [0x76c80dcc] DEBUG - Mp4AtomParser: Found minf atom of size 473732 at offset 613278
Aug 08, 2021 14:55:53.136 [0x76c80dcc] DEBUG - Mp4AtomParser: Found stbl atom of size 473668 at offset 613342
Aug 08, 2021 14:55:53.137 [0x76c80dcc] DEBUG - [MI]  * 2a06472046a80f19297648e22c0bbaba70ede3ac [mp4 h264/mp2] Duration: 1272440ms, 720x576 (1.777778) 25.000fps, bitrate=767kbps, audio channels=2, optimizedForStreaming=1 ("/tv/The Office (U.S)/Season 1/The.Office.-.s01e03.mp4")
Aug 08, 2021 14:55:53.138 [0x76c80dcc] DEBUG - [MI] Chapters had generic titles, clearing.
Aug 08, 2021 14:55:53.140 [0x76c80dcc] DEBUG - [MI] Closing input file: "/tv/The Office (U.S)/Season 1/The.Office.-.s01e03.mp4"
Aug 08, 2021 14:55:53.147 [0x76c80dcc] DEBUG - Committing media stream changes for part 2719
Aug 08, 2021 14:55:53.151 [0x76c80dcc] DEBUG - Updating media item 2719, size=122012295, metadata_item_id=1276
Aug 08, 2021 14:55:53.152 [0x76c80dcc] DEBUG - Updating part with ID=2719 [/tv/The Office (U.S)/Season 1/The.Office.-.s01e03.mp4]
Aug 08, 2021 14:55:53.153 [0x73ddfd50] DEBUG - HTTP requesting GET http://127.0.0.1:32400/:/metadata/notify/changeItemState?librarySectionID=2&metadataItemID=1276&metadataType=4&state=-1&parentID=-1&rootID=-1&mediaState=analyzing
Aug 08, 2021 14:55:53.159 [0x73ddfd50] DEBUG - HTTP/1.1 (0.0s) 200 response from GET http://127.0.0.1:32400/:/metadata/notify/changeItemState?librarySectionID=2&metadataItemID=1276&metadataType=4&state=-1&parentID=-1&rootID=-1&mediaState=analyzing (reused)
Aug 08, 2021 14:55:53.161 [0x73ddfd50] DEBUG - HTTP requesting GET http://127.0.0.1:32400/:/metadata/notify/changeItemState?librarySectionID=2&metadataItemID=1276&metadataType=4&state=-1&parentID=-1&rootID=-1&mediaState=idle
Aug 08, 2021 14:55:53.166 [0x73ddfd50] DEBUG - HTTP/1.1 (0.0s) 200 response from GET http://127.0.0.1:32400/:/metadata/notify/changeItemState?librarySectionID=2&metadataItemID=1276&metadataType=4&state=-1&parentID=-1&rootID=-1&mediaState=idle (reused)
Aug 08, 2021 14:55:53.186 [0x76c80dcc] DEBUG - Downloading document http://127.0.0.1:32400/library/changestamp
Aug 08, 2021 14:55:53.186 [0x76c80dcc] DEBUG - HTTP requesting GET http://127.0.0.1:32400/library/changestamp
Aug 08, 2021 14:55:53.190 [0x76c80dcc] DEBUG - HTTP/1.1 (0.0s) 200 response from GET http://127.0.0.1:32400/library/changestamp (reused)
Aug 08, 2021 14:55:53.191 [0x76c80dcc] DEBUG - Updating metadata item (save) (Health Care) with ID 1276
Aug 08, 2021 14:55:53.201 [0x73ddfd50] DEBUG - HTTP requesting GET http://127.0.0.1:32400/:/metadata/flushMetadataCounterCache?metadataItemID=1272
Aug 08, 2021 14:55:53.204 [0x73ddfd50] DEBUG - HTTP/1.1 (0.0s) 200 response from GET http://127.0.0.1:32400/:/metadata/flushMetadataCounterCache?metadataItemID=1272 (reused)
Aug 08, 2021 14:55:53.218 [0x76c80dcc] DEBUG - Analyzing media parts for item 1277 (The Alliance): 2720
Aug 08, 2021 14:55:53.221 [0x76c80dcc] DEBUG - Downloading document http://127.0.0.1:32400/library/changestamp
Aug 08, 2021 14:55:53.221 [0x76c80dcc] DEBUG - HTTP requesting GET http://127.0.0.1:32400/library/changestamp
Aug 08, 2021 14:55:53.227 [0x76c80dcc] DEBUG - HTTP/1.1 (0.0s) 200 response from GET http://127.0.0.1:32400/library/changestamp (reused)
Aug 08, 2021 14:55:53.227 [0x76c80dcc] DEBUG - Updating metadata item (save) (The Alliance) with ID 1277
Aug 08, 2021 14:55:53.233 [0x73ddfd50] DEBUG - HTTP requesting GET http://127.0.0.1:32400/:/metadata/flushMetadataCounterCache?metadataItemID=1272
Aug 08, 2021 14:55:53.237 [0x76c80dcc] DEBUG - [ID 2720] Media part analysis: /tv/The Office (U.S)/Season 1/The.Office.-.s01e04.mp4
Aug 08, 2021 14:55:53.237 [0x73ddfd50] DEBUG - HTTP/1.1 (0.0s) 200 response from GET http://127.0.0.1:32400/:/metadata/flushMetadataCounterCache?metadataItemID=1272 (reused)
Aug 08, 2021 14:55:53.242 [0x76c80dcc] DEBUG - [MI] Opening input file: "/tv/The Office (U.S)/Season 1/The.Office.-.s01e04.mp4"
Aug 08, 2021 14:55:53.242 [0x76c80dcc] DEBUG - [FFMPEG] - Opening '/tv/The Office (U.S)/Season 1/The.Office.-.s01e04.mp4' for reading
Aug 08, 2021 14:55:53.242 [0x76c80dcc] DEBUG - [FFMPEG] - Setting default whitelist 'file,crypto'
Aug 08, 2021 14:55:53.245 [0x76c80dcc] DEBUG - [FFMPEG] - Format mov,mp4,m4a,3gp,3g2,mj2 probed with size=2048 and score=100
Aug 08, 2021 14:55:53.245 [0x76c80dcc] DEBUG - [FFMPEG] - ISO: File Type Major Brand: isom
Aug 08, 2021 14:55:53.246 [0x76c80dcc] DEBUG - [FFMPEG] - Unknown dref type 0x206c7275 size 12
Aug 08, 2021 14:55:53.286 [0x76c80dcc] DEBUG - [FFMPEG] - Processing st: 0, edit list 0 - media time: -1, duration: 1764
Aug 08, 2021 14:55:53.286 [0x76c80dcc] DEBUG - [FFMPEG] - Processing st: 0, edit list 1 - media time: 0, duration: 55932919
Aug 08, 2021 14:55:53.296 [0x76c80dcc] DEBUG - [FFMPEG] - Unknown dref type 0x206c7275 size 12
Aug 08, 2021 14:55:53.339 [0x76c80dcc] DEBUG - [FFMPEG] - Processing st: 1, edit list 0 - media time: 0, duration: 114166800
Aug 08, 2021 14:55:53.340 [0x76c80dcc] WARN - [FFMPEG] - st: 1 edit list: 1 Missing key frame while searching for timestamp: 0
Aug 08, 2021 14:55:53.340 [0x76c80dcc] WARN - [FFMPEG] - st: 1 edit list 1 Cannot find an index entry before timestamp: 0.
Aug 08, 2021 14:55:53.354 [0x76c80dcc] DEBUG - [FFMPEG] - Offset DTS by 7200 to make first pts zero.
Aug 08, 2021 14:55:53.358 [0x76c80dcc] DEBUG - [FFMPEG] - Setting codecpar->delay to 2 for stream st: 1
Aug 08, 2021 14:55:53.359 [0x76c80dcc] DEBUG - [FFMPEG] - Before avformat_find_stream_info() pos: 1076969 bytes read:1081126 seeks:0 nb_streams:2
Aug 08, 2021 14:55:53.360 [0x76c80dcc] DEBUG - [FFMPEG] - nal_unit_type: 7(SPS), nal_ref_idc: 3
Aug 08, 2021 14:55:53.361 [0x76c80dcc] DEBUG - [FFMPEG] - nal_unit_type: 8(PPS), nal_ref_idc: 3
Aug 08, 2021 14:55:53.362 [0x76c80dcc] DEBUG - [FFMPEG] - nal_unit_type: 6(SEI), nal_ref_idc: 0
Aug 08, 2021 14:55:53.362 [0x76c80dcc] DEBUG - [FFMPEG] - nal_unit_type: 5(IDR), nal_ref_idc: 3
Aug 08, 2021 14:55:53.363 [0x76c80dcc] DEBUG - [FFMPEG] - Format yuv420p chosen by get_format().
Aug 08, 2021 14:55:53.366 [0x76c80dcc] DEBUG - [FFMPEG] - no picture 
Aug 08, 2021 14:55:53.370 [0x76c80dcc] DEBUG - [FFMPEG] - probing stream 0 pp:2500
Aug 08, 2021 14:55:53.370 [0x76c80dcc] DEBUG - [FFMPEG] - Probe with size=417, packets=1 detected mp2 with score=1
Aug 08, 2021 14:55:53.371 [0x76c80dcc] DEBUG - [FFMPEG] - probing stream 0 pp:2499
Aug 08, 2021 14:55:53.371 [0x76c80dcc] DEBUG - [FFMPEG] - Probe with size=834, packets=2 detected mp2 with score=5
Aug 08, 2021 14:55:53.372 [0x76c80dcc] DEBUG - [FFMPEG] - probing stream 0 pp:2498
Aug 08, 2021 14:55:53.372 [0x76c80dcc] DEBUG - [FFMPEG] - Probe with size=1251, packets=3 detected mp2 with score=5
Aug 08, 2021 14:55:53.373 [0x76c80dcc] DEBUG - [FFMPEG] - probing stream 0 pp:2497
Aug 08, 2021 14:55:53.373 [0x76c80dcc] DEBUG - [FFMPEG] - probing stream 0 pp:2496
Aug 08, 2021 14:55:53.374 [0x76c80dcc] DEBUG - [FFMPEG] - Probe with size=2085, packets=5 detected mp2 with score=25
Aug 08, 2021 14:55:53.374 [0x76c80dcc] DEBUG - [FFMPEG] - probed stream 0
Aug 08, 2021 14:55:53.375 [0x76c80dcc] DEBUG - [FFMPEG] - nal_unit_type: 1(Coded slice of a non-IDR picture), nal_ref_idc: 2
Aug 08, 2021 14:55:53.377 [0x76c80dcc] DEBUG - [FFMPEG] - no picture 
Aug 08, 2021 14:55:53.381 [0x76c80dcc] DEBUG - [FFMPEG] - All info found
Aug 08, 2021 14:55:53.382 [0x76c80dcc] DEBUG - [FFMPEG] - After avformat_find_stream_info() pos: 1079928 bytes read:1081126 seeks:0 frames:4
Aug 08, 2021 14:55:53.382 [0x76c80dcc] DEBUG - [MI] Opening "/tv/The Office (U.S)/Season 1/The.Office.-.s01e04.mp4" for MP4 atom parsing
Aug 08, 2021 14:55:53.382 [0x76c80dcc] DEBUG - Mp4AtomParser: Skipping ftyp atom of size 24 at offset 0
Aug 08, 2021 14:55:53.383 [0x76c80dcc] DEBUG - Mp4AtomParser: Found moov atom of size 1076929 at offset 24
Aug 08, 2021 14:55:53.386 [0x76c80dcc] DEBUG - Mp4AtomParser: Found trak atom of size 611033 at offset 140
Aug 08, 2021 14:55:53.386 [0x76c80dcc] DEBUG - Mp4AtomParser: Found trak atom of size 465737 at offset 611173
Aug 08, 2021 14:55:53.386 [0x76c80dcc] DEBUG - Mp4AtomParser: Found mdia atom of size 610885 at offset 288
Aug 08, 2021 14:55:53.386 [0x76c80dcc] DEBUG - Mp4AtomParser: Found minf atom of size 610800 at offset 373
Aug 08, 2021 14:55:53.386 [0x76c80dcc] DEBUG - Mp4AtomParser: Found stbl atom of size 610740 at offset 433
Aug 08, 2021 14:55:53.386 [0x76c80dcc] DEBUG - Mp4AtomParser: Found mdia atom of size 465601 at offset 611309
Aug 08, 2021 14:55:53.386 [0x76c80dcc] DEBUG - Mp4AtomParser: Found minf atom of size 465516 at offset 611394
Aug 08, 2021 14:55:53.386 [0x76c80dcc] DEBUG - Mp4AtomParser: Found stbl atom of size 465452 at offset 611458
Aug 08, 2021 14:55:53.387 [0x76c80dcc] DEBUG - [MI]  * d359f3a5678cdc80d09255534a779b52650021da [mp4 h264/mp2] Duration: 1268400ms, 720x576 (1.777778) 25.000fps, bitrate=909kbps, audio channels=2, optimizedForStreaming=1 ("/tv/The Office (U.S)/Season 1/The.Office.-.s01e04.mp4")
Aug 08, 2021 14:55:53.388 [0x76c80dcc] DEBUG - [MI] Chapters had generic titles, clearing.
Aug 08, 2021 14:55:53.390 [0x76c80dcc] DEBUG - [MI] Closing input file: "/tv/The Office (U.S)/Season 1/The.Office.-.s01e04.mp4"
Aug 08, 2021 14:55:53.395 [0x76c80dcc] DEBUG - Committing media stream changes for part 2720
Aug 08, 2021 14:55:53.399 [0x76c80dcc] DEBUG - Updating media item 2720, size=144258200, metadata_item_id=1277
Aug 08, 2021 14:55:53.400 [0x76c80dcc] DEBUG - Updating part with ID=2720 [/tv/The Office (U.S)/Season 1/The.Office.-.s01e04.mp4]
Aug 08, 2021 14:55:53.401 [0x73ddfd50] DEBUG - HTTP requesting GET http://127.0.0.1:32400/:/metadata/notify/changeItemState?librarySectionID=2&metadataItemID=1277&metadataType=4&state=-1&parentID=-1&rootID=-1&mediaState=analyzing
Aug 08, 2021 14:55:53.409 [0x73ddfd50] DEBUG - HTTP/1.1 (0.0s) 200 response from GET http://127.0.0.1:32400/:/metadata/notify/changeItemState?librarySectionID=2&metadataItemID=1277&metadataType=4&state=-1&parentID=-1&rootID=-1&mediaState=analyzing (reused)
Aug 08, 2021 14:55:53.410 [0x73ddfd50] DEBUG - HTTP requesting GET http://127.0.0.1:32400/:/metadata/notify/changeItemState?librarySectionID=2&metadataItemID=1277&metadataType=4&state=-1&parentID=-1&rootID=-1&mediaState=idle
Aug 08, 2021 14:55:53.416 [0x73ddfd50] DEBUG - HTTP/1.1 (0.0s) 200 response from GET http://127.0.0.1:32400/:/metadata/notify/changeItemState?librarySectionID=2&metadataItemID=1277&metadataType=4&state=-1&parentID=-1&rootID=-1&mediaState=idle (reused)
Aug 08, 2021 14:55:53.418 [0x76c80dcc] DEBUG - Downloading document http://127.0.0.1:32400/library/changestamp
Aug 08, 2021 14:55:53.418 [0x76c80dcc] DEBUG - HTTP requesting GET http://127.0.0.1:32400/library/changestamp
Aug 08, 2021 14:55:53.422 [0x76c80dcc] DEBUG - HTTP/1.1 (0.0s) 200 response from GET http://127.0.0.1:32400/library/changestamp (reused)
Aug 08, 2021 14:55:53.423 [0x76c80dcc] DEBUG - Updating metadata item (save) (The Alliance) with ID 1277
Aug 08, 2021 14:55:53.432 [0x73ddfd50] DEBUG - HTTP requesting GET http://127.0.0.1:32400/:/metadata/flushMetadataCounterCache?metadataItemID=1272
Aug 08, 2021 14:55:53.435 [0x73ddfd50] DEBUG - HTTP/1.1 (0.0s) 200 response from GET http://127.0.0.1:32400/:/metadata/flushMetadataCounterCache?metadataItemID=1272 (reused)
Aug 08, 2021 14:55:53.443 [0x76c80dcc] DEBUG - Analyzing media parts for item 1278 (Basketball): 2721
Aug 08, 2021 14:55:53.446 [0x76c80dcc] DEBUG - Downloading document http://127.0.0.1:32400/library/changestamp
Aug 08, 2021 14:55:53.446 [0x76c80dcc] DEBUG - HTTP requesting GET http://127.0.0.1:32400/library/changestamp
Aug 08, 2021 14:55:53.449 [0x76c80dcc] DEBUG - HTTP/1.1 (0.0s) 200 response from GET http://127.0.0.1:32400/library/changestamp (reused)
Aug 08, 2021 14:55:53.450 [0x76c80dcc] DEBUG - Updating metadata item (save) (Basketball) with ID 1278
Aug 08, 2021 14:55:53.456 [0x73ddfd50] DEBUG - HTTP requesting GET http://127.0.0.1:32400/:/metadata/flushMetadataCounterCache?metadataItemID=1272
Aug 08, 2021 14:55:53.460 [0x76c80dcc] DEBUG - [ID 2721] Media part analysis: /tv/The Office (U.S)/Season 1/The.Office.-.s01e05.mp4
Aug 08, 2021 14:55:53.463 [0x73ddfd50] DEBUG - HTTP/1.1 (0.0s) 200 response from GET http://127.0.0.1:32400/:/metadata/flushMetadataCounterCache?metadataItemID=1272 (reused)
Aug 08, 2021 14:55:53.465 [0x76c80dcc] DEBUG - [MI] Opening input file: "/tv/The Office (U.S)/Season 1/The.Office.-.s01e05.mp4"
Aug 08, 2021 14:55:53.465 [0x76c80dcc] DEBUG - [FFMPEG] - Opening '/tv/The Office (U.S)/Season 1/The.Office.-.s01e05.mp4' for reading
Aug 08, 2021 14:55:53.465 [0x76c80dcc] DEBUG - [FFMPEG] - Setting default whitelist 'file,crypto'
Aug 08, 2021 14:55:53.468 [0x76c80dcc] DEBUG - [FFMPEG] - Format mov,mp4,m4a,3gp,3g2,mj2 probed with size=2048 and score=100
Aug 08, 2021 14:55:53.468 [0x76c80dcc] DEBUG - [FFMPEG] - ISO: File Type Major Brand: isom
Aug 08, 2021 14:55:53.469 [0x76c80dcc] DEBUG - [FFMPEG] - Unknown dref type 0x206c7275 size 12
Aug 08, 2021 14:55:53.520 [0x76c80dcc] DEBUG - [FFMPEG] - Processing st: 0, edit list 0 - media time: -1, duration: 1764
Aug 08, 2021 14:55:53.520 [0x76c80dcc] DEBUG - [FFMPEG] - Processing st: 0, edit list 1 - media time: 0, duration: 56150678
Aug 08, 2021 14:55:53.533 [0x76c80dcc] DEBUG - [FFMPEG] - Unknown dref type 0x206c7275 size 12
Aug 08, 2021 14:55:53.570 [0x76c80dcc] DEBUG - [FFMPEG] - Processing st: 1, edit list 0 - media time: 0, duration: 114609600
Aug 08, 2021 14:55:53.571 [0x76c80dcc] WARN - [FFMPEG] - st: 1 edit list: 1 Missing key frame while searching for timestamp: 0
Aug 08, 2021 14:55:53.571 [0x76c80dcc] WARN - [FFMPEG] - st: 1 edit list 1 Cannot find an index entry before timestamp: 0.
Aug 08, 2021 14:55:53.586 [0x76c80dcc] DEBUG - [FFMPEG] - Offset DTS by 7200 to make first pts zero.
Aug 08, 2021 14:55:53.590 [0x76c80dcc] DEBUG - [FFMPEG] - Setting codecpar->delay to 2 for stream st: 1
Aug 08, 2021 14:55:53.591 [0x76c80dcc] DEBUG - [FFMPEG] - Before avformat_find_stream_info() pos: 1077073 bytes read:1080738 seeks:0 nb_streams:2
Aug 08, 2021 14:55:53.592 [0x76c80dcc] DEBUG - [FFMPEG] - nal_unit_type: 7(SPS), nal_ref_idc: 3
Aug 08, 2021 14:55:53.592 [0x76c80dcc] DEBUG - [FFMPEG] - nal_unit_type: 8(PPS), nal_ref_idc: 3
Aug 08, 2021 14:55:53.593 [0x76c80dcc] DEBUG - [FFMPEG] - nal_unit_type: 6(SEI), nal_ref_idc: 0
Aug 08, 2021 14:55:53.593 [0x76c80dcc] DEBUG - [FFMPEG] - nal_unit_type: 5(IDR), nal_ref_idc: 3
Aug 08, 2021 14:55:53.593 [0x76c80dcc] DEBUG - [FFMPEG] - Format yuv420p chosen by get_format().
Aug 08, 2021 14:55:53.597 [0x76c80dcc] DEBUG - [FFMPEG] - no picture 
Aug 08, 2021 14:55:53.601 [0x76c80dcc] DEBUG - [FFMPEG] - probing stream 0 pp:2500
Aug 08, 2021 14:55:53.602 [0x76c80dcc] DEBUG - [FFMPEG] - Probe with size=417, packets=1 detected mp2 with score=1
Aug 08, 2021 14:55:53.602 [0x76c80dcc] DEBUG - [FFMPEG] - probing stream 0 pp:2499
Aug 08, 2021 14:55:53.602 [0x76c80dcc] DEBUG - [FFMPEG] - Probe with size=834, packets=2 detected mp2 with score=5
Aug 08, 2021 14:55:53.602 [0x76c80dcc] DEBUG - [FFMPEG] - probing stream 0 pp:2498
Aug 08, 2021 14:55:53.603 [0x76c80dcc] DEBUG - [FFMPEG] - Probe with size=1251, packets=3 detected mp2 with score=5
Aug 08, 2021 14:55:53.603 [0x76c80dcc] DEBUG - [FFMPEG] - probing stream 0 pp:2497
Aug 08, 2021 14:55:53.603 [0x76c80dcc] DEBUG - [FFMPEG] - probing stream 0 pp:2496
Aug 08, 2021 14:55:53.603 [0x76c80dcc] DEBUG - [FFMPEG] - Probe with size=2085, packets=5 detected mp2 with score=25
Aug 08, 2021 14:55:53.603 [0x76c80dcc] DEBUG - [FFMPEG] - probed stream 0
Aug 08, 2021 14:55:53.604 [0x76c80dcc] DEBUG - [FFMPEG] - nal_unit_type: 1(Coded slice of a non-IDR picture), nal_ref_idc: 2
Aug 08, 2021 14:55:53.606 [0x76c80dcc] DEBUG - [FFMPEG] - no picture 
Aug 08, 2021 14:55:53.610 [0x76c80dcc] DEBUG - [FFMPEG] - All info found
Aug 08, 2021 14:55:53.611 [0x76c80dcc] DEBUG - [FFMPEG] - After avformat_find_stream_info() pos: 1080032 bytes read:1080738 seeks:0 frames:4
Aug 08, 2021 14:55:53.611 [0x76c80dcc] DEBUG - [MI] Opening "/tv/The Office (U.S)/Season 1/The.Office.-.s01e05.mp4" for MP4 atom parsing
Aug 08, 2021 14:55:53.611 [0x76c80dcc] DEBUG - Mp4AtomParser: Skipping ftyp atom of size 24 at offset 0
Aug 08, 2021 14:55:53.611 [0x76c80dcc] DEBUG - Mp4AtomParser: Found moov atom of size 1077033 at offset 24
Aug 08, 2021 14:55:53.616 [0x76c80dcc] DEBUG - Mp4AtomParser: Found trak atom of size 613393 at offset 140
Aug 08, 2021 14:55:53.616 [0x76c80dcc] DEBUG - Mp4AtomParser: Found trak atom of size 463481 at offset 613533
Aug 08, 2021 14:55:53.616 [0x76c80dcc] DEBUG - Mp4AtomParser: Found mdia atom of size 613245 at offset 288
Aug 08, 2021 14:55:53.616 [0x76c80dcc] DEBUG - Mp4AtomParser: Found minf atom of size 613160 at offset 373
Aug 08, 2021 14:55:53.616 [0x76c80dcc] DEBUG - Mp4AtomParser: Found stbl atom of size 613100 at offset 433
Aug 08, 2021 14:55:53.616 [0x76c80dcc] DEBUG - Mp4AtomParser: Found mdia atom of size 463345 at offset 613669
Aug 08, 2021 14:55:53.616 [0x76c80dcc] DEBUG - Mp4AtomParser: Found minf atom of size 463260 at offset 613754
Aug 08, 2021 14:55:53.616 [0x76c80dcc] DEBUG - Mp4AtomParser: Found stbl atom of size 463196 at offset 613818
Aug 08, 2021 14:55:53.617 [0x76c80dcc] DEBUG - [MI]  * 302988098dd2bfa0a70c889acbc449c32174a043 [mp4 h264/mp2] Duration: 1273320ms, 720x576 (1.777778) 25.000fps, bitrate=1104kbps, audio channels=2, optimizedForStreaming=1 ("/tv/The Office (U.S)/Season 1/The.Office.-.s01e05.mp4")
Aug 08, 2021 14:55:53.618 [0x76c80dcc] DEBUG - [MI] Chapters had generic titles, clearing.
Aug 08, 2021 14:55:53.620 [0x76c80dcc] DEBUG - [MI] Closing input file: "/tv/The Office (U.S)/Season 1/The.Office.-.s01e05.mp4"
Aug 08, 2021 14:55:53.626 [0x76c80dcc] DEBUG - Committing media stream changes for part 2721
Aug 08, 2021 14:55:53.630 [0x76c80dcc] DEBUG - Updating media item 2721, size=175746903, metadata_item_id=1278
Aug 08, 2021 14:55:53.630 [0x76c80dcc] DEBUG - Updating part with ID=2721 [/tv/The Office (U.S)/Season 1/The.Office.-.s01e05.mp4]
Aug 08, 2021 14:55:53.631 [0x73ddfd50] DEBUG - HTTP requesting GET http://127.0.0.1:32400/:/metadata/notify/changeItemState?librarySectionID=2&metadataItemID=1278&metadataType=4&state=-1&parentID=-1&rootID=-1&mediaState=analyzing
Aug 08, 2021 14:55:53.634 [0x73ddfd50] DEBUG - HTTP/1.1 (0.0s) 200 response from GET http://127.0.0.1:32400/:/metadata/notify/changeItemState?librarySectionID=2&metadataItemID=1278&metadataType=4&state=-1&parentID=-1&rootID=-1&mediaState=analyzing (reused)
Aug 08, 2021 14:55:53.635 [0x73ddfd50] DEBUG - HTTP requesting GET http://127.0.0.1:32400/:/metadata/notify/changeItemState?librarySectionID=2&metadataItemID=1278&metadataType=4&state=-1&parentID=-1&rootID=-1&mediaState=idle
Aug 08, 2021 14:55:53.642 [0x73ddfd50] DEBUG - HTTP/1.1 (0.0s) 200 response from GET http://127.0.0.1:32400/:/metadata/notify/changeItemState?librarySectionID=2&metadataItemID=1278&metadataType=4&state=-1&parentID=-1&rootID=-1&mediaState=idle (reused)
Aug 08, 2021 14:55:53.644 [0x76c80dcc] DEBUG - Downloading document http://127.0.0.1:32400/library/changestamp
Aug 08, 2021 14:55:53.644 [0x76c80dcc] DEBUG - HTTP requesting GET http://127.0.0.1:32400/library/changestamp
Aug 08, 2021 14:55:53.649 [0x76c80dcc] DEBUG - HTTP/1.1 (0.0s) 200 response from GET http://127.0.0.1:32400/library/changestamp (reused)
Aug 08, 2021 14:55:53.650 [0x76c80dcc] DEBUG - Updating metadata item (save) (Basketball) with ID 1278
Aug 08, 2021 14:55:53.666 [0x73ddfd50] DEBUG - HTTP requesting GET http://127.0.0.1:32400/:/metadata/flushMetadataCounterCache?metadataItemID=1272
Aug 08, 2021 14:55:53.669 [0x73ddfd50] DEBUG - HTTP/1.1 (0.0s) 200 response from GET http://127.0.0.1:32400/:/metadata/flushMetadataCounterCache?metadataItemID=1272 (reused)
Aug 08, 2021 14:55:53.679 [0x76c80dcc] DEBUG - Analyzing media parts for item 1279 (Hot Girl): 2722
Aug 08, 2021 14:55:53.682 [0x76c80dcc] DEBUG - Downloading document http://127.0.0.1:32400/library/changestamp
Aug 08, 2021 14:55:53.682 [0x76c80dcc] DEBUG - HTTP requesting GET http://127.0.0.1:32400/library/changestamp
Aug 08, 2021 14:55:53.686 [0x76c80dcc] DEBUG - HTTP/1.1 (0.0s) 200 response from GET http://127.0.0.1:32400/library/changestamp (reused)
Aug 08, 2021 14:55:53.687 [0x76c80dcc] DEBUG - Updating metadata item (save) (Hot Girl) with ID 1279
Aug 08, 2021 14:55:53.695 [0x73ddfd50] DEBUG - HTTP requesting GET http://127.0.0.1:32400/:/metadata/flushMetadataCounterCache?metadataItemID=1272
Aug 08, 2021 14:55:53.697 [0x76c80dcc] DEBUG - [ID 2722] Media part analysis: /tv/The Office (U.S)/Season 1/The.Office.-.s01e06.mp4
Aug 08, 2021 14:55:53.698 [0x76c80dcc] DEBUG - [MI] Opening input file: "/tv/The Office (U.S)/Season 1/The.Office.-.s01e06.mp4"
Aug 08, 2021 14:55:53.698 [0x76c80dcc] DEBUG - [FFMPEG] - Opening '/tv/The Office (U.S)/Season 1/The.Office.-.s01e06.mp4' for reading
Aug 08, 2021 14:55:53.698 [0x73ddfd50] DEBUG - HTTP/1.1 (0.0s) 200 response from GET http://127.0.0.1:32400/:/metadata/flushMetadataCounterCache?metadataItemID=1272 (reused)
Aug 08, 2021 14:55:53.699 [0x76c80dcc] DEBUG - [FFMPEG] - Setting default whitelist 'file,crypto'
Aug 08, 2021 14:55:53.701 [0x76c80dcc] DEBUG - [FFMPEG] - Format mov,mp4,m4a,3gp,3g2,mj2 probed with size=2048 and score=100
Aug 08, 2021 14:55:53.702 [0x76c80dcc] DEBUG - [FFMPEG] - ISO: File Type Major Brand: isom
Aug 08, 2021 14:55:53.702 [0x76c80dcc] DEBUG - [FFMPEG] - Unknown dref type 0x206c7275 size 12
Aug 08, 2021 14:55:53.760 [0x76c80dcc] DEBUG - [FFMPEG] - Processing st: 0, edit list 0 - media time: -1, duration: 2116
Aug 08, 2021 14:55:53.761 [0x76c80dcc] DEBUG - [FFMPEG] - Processing st: 0, edit list 1 - media time: 0, duration: 56231329
Aug 08, 2021 14:55:53.772 [0x76c80dcc] DEBUG - [FFMPEG] - Unknown dref type 0x206c7275 size 12
Aug 08, 2021 14:55:53.804 [0x76c80dcc] DEBUG - [FFMPEG] - Processing st: 1, edit list 0 - media time: 0, duration: 114775200
Aug 08, 2021 14:55:53.805 [0x76c80dcc] WARN - [FFMPEG] - st: 1 edit list: 1 Missing key frame while searching for timestamp: 0
Aug 08, 2021 14:55:53.805 [0x76c80dcc] WARN - [FFMPEG] - st: 1 edit list 1 Cannot find an index entry before timestamp: 0.
Aug 08, 2021 14:55:53.820 [0x76c80dcc] DEBUG - [FFMPEG] - Offset DTS by 7200 to make first pts zero.
Aug 08, 2021 14:55:53.824 [0x76c80dcc] DEBUG - [FFMPEG] - Setting codecpar->delay to 2 for stream st: 1
Aug 08, 2021 14:55:53.826 [0x76c80dcc] DEBUG - [FFMPEG] - Before avformat_find_stream_info() pos: 1082289 bytes read:1085774 seeks:0 nb_streams:2
Aug 08, 2021 14:55:53.827 [0x76c80dcc] DEBUG - [FFMPEG] - nal_unit_type: 7(SPS), nal_ref_idc: 3
Aug 08, 2021 14:55:53.827 [0x76c80dcc] DEBUG - [FFMPEG] - nal_unit_type: 8(PPS), nal_ref_idc: 3
Aug 08, 2021 14:55:53.828 [0x76c80dcc] DEBUG - [FFMPEG] - nal_unit_type: 6(SEI), nal_ref_idc: 0
Aug 08, 2021 14:55:53.829 [0x76c80dcc] DEBUG - [FFMPEG] - nal_unit_type: 5(IDR), nal_ref_idc: 3
Aug 08, 2021 14:55:53.829 [0x76c80dcc] DEBUG - [FFMPEG] - Format yuv420p chosen by get_format().
Aug 08, 2021 14:55:53.832 [0x76c80dcc] DEBUG - [FFMPEG] - no picture 
Aug 08, 2021 14:55:53.837 [0x76c80dcc] DEBUG - [FFMPEG] - nal_unit_type: 1(Coded slice of a non-IDR picture), nal_ref_idc: 2
Aug 08, 2021 14:55:53.840 [0x76c80dcc] DEBUG - [FFMPEG] - no picture 
Aug 08, 2021 14:55:53.844 [0x76c80dcc] DEBUG - [FFMPEG] - probing stream 0 pp:2500
Aug 08, 2021 14:55:53.845 [0x76c80dcc] DEBUG - [FFMPEG] - Probe with size=417, packets=1 detected mp2 with score=1
Aug 08, 2021 14:55:53.846 [0x76c80dcc] DEBUG - [FFMPEG] - probing stream 0 pp:2499
Aug 08, 2021 14:55:53.846 [0x76c80dcc] DEBUG - [FFMPEG] - Probe with size=834, packets=2 detected mp2 with score=5
Aug 08, 2021 14:55:53.846 [0x76c80dcc] DEBUG - [FFMPEG] - probing stream 0 pp:2498
Aug 08, 2021 14:55:53.847 [0x76c80dcc] DEBUG - [FFMPEG] - Probe with size=1251, packets=3 detected mp2 with score=5
Aug 08, 2021 14:55:53.847 [0x76c80dcc] DEBUG - [FFMPEG] - probing stream 0 pp:2497
Aug 08, 2021 14:55:53.847 [0x76c80dcc] DEBUG - [FFMPEG] - probing stream 0 pp:2496
Aug 08, 2021 14:55:53.848 [0x76c80dcc] DEBUG - [FFMPEG] - Probe with size=2085, packets=5 detected mp2 with score=25
Aug 08, 2021 14:55:53.849 [0x76c80dcc] DEBUG - [FFMPEG] - probed stream 0
Aug 08, 2021 14:55:53.849 [0x76c80dcc] DEBUG - [FFMPEG] - All info found
Aug 08, 2021 14:55:53.850 [0x76c80dcc] DEBUG - [FFMPEG] - After avformat_find_stream_info() pos: 1085248 bytes read:1085774 seeks:0 frames:4
Aug 08, 2021 14:55:53.850 [0x76c80dcc] DEBUG - [MI] Opening "/tv/The Office (U.S)/Season 1/The.Office.-.s01e06.mp4" for MP4 atom parsing
Aug 08, 2021 14:55:53.855 [0x76c80dcc] DEBUG - Mp4AtomParser: Skipping ftyp atom of size 24 at offset 0
Aug 08, 2021 14:55:53.855 [0x76c80dcc] DEBUG - Mp4AtomParser: Found moov atom of size 1082249 at offset 24
Aug 08, 2021 14:55:53.858 [0x76c80dcc] DEBUG - Mp4AtomParser: Found trak atom of size 614273 at offset 140
Aug 08, 2021 14:55:53.858 [0x76c80dcc] DEBUG - Mp4AtomParser: Found trak atom of size 467817 at offset 614413
Aug 08, 2021 14:55:53.858 [0x76c80dcc] DEBUG - Mp4AtomParser: Found mdia atom of size 614125 at offset 288
Aug 08, 2021 14:55:53.858 [0x76c80dcc] DEBUG - Mp4AtomParser: Found minf atom of size 614040 at offset 373
Aug 08, 2021 14:55:53.858 [0x76c80dcc] DEBUG - Mp4AtomParser: Found stbl atom of size 613980 at offset 433
Aug 08, 2021 14:55:53.858 [0x76c80dcc] DEBUG - Mp4AtomParser: Found mdia atom of size 467681 at offset 614549
Aug 08, 2021 14:55:53.858 [0x76c80dcc] DEBUG - Mp4AtomParser: Found minf atom of size 467596 at offset 614634
Aug 08, 2021 14:55:53.858 [0x76c80dcc] DEBUG - Mp4AtomParser: Found stbl atom of size 467532 at offset 614698
Aug 08, 2021 14:55:53.859 [0x76c80dcc] DEBUG - [MI]  * 21eecb8905ac41c2a87038ce600ed823e584cea7 [mp4 h264/mp2] Duration: 1275160ms, 720x576 (1.777778) 25.000fps, bitrate=915kbps, audio channels=2, optimizedForStreaming=1 ("/tv/The Office (U.S)/Season 1/The.Office.-.s01e06.mp4")
Aug 08, 2021 14:55:53.860 [0x76c80dcc] DEBUG - [MI] Chapters had generic titles, clearing.
Aug 08, 2021 14:55:53.862 [0x76c80dcc] DEBUG - [MI] Closing input file: "/tv/The Office (U.S)/Season 1/The.Office.-.s01e06.mp4"
Aug 08, 2021 14:55:53.867 [0x76c80dcc] DEBUG - Committing media stream changes for part 2722
Aug 08, 2021 14:55:53.871 [0x76c80dcc] DEBUG - Updating media item 2722, size=145996263, metadata_item_id=1279
Aug 08, 2021 14:55:53.872 [0x76c80dcc] DEBUG - Updating part with ID=2722 [/tv/The Office (U.S)/Season 1/The.Office.-.s01e06.mp4]
Aug 08, 2021 14:55:53.874 [0x73ddfd50] DEBUG - HTTP requesting GET http://127.0.0.1:32400/:/metadata/notify/changeItemState?librarySectionID=2&metadataItemID=1279&metadataType=4&state=-1&parentID=-1&rootID=-1&mediaState=analyzing
Aug 08, 2021 14:55:53.877 [0x73ddfd50] DEBUG - HTTP/1.1 (0.0s) 200 response from GET http://127.0.0.1:32400/:/metadata/notify/changeItemState?librarySectionID=2&metadataItemID=1279&metadataType=4&state=-1&parentID=-1&rootID=-1&mediaState=analyzing (reused)
Aug 08, 2021 14:55:53.878 [0x73ddfd50] DEBUG - HTTP requesting GET http://127.0.0.1:32400/:/metadata/notify/changeItemState?librarySectionID=2&metadataItemID=1279&metadataType=4&state=-1&parentID=-1&rootID=-1&mediaState=idle
Aug 08, 2021 14:55:53.880 [0x73ddfd50] DEBUG - HTTP/1.1 (0.0s) 200 response from GET http://127.0.0.1:32400/:/metadata/notify/changeItemState?librarySectionID=2&metadataItemID=1279&metadataType=4&state=-1&parentID=-1&rootID=-1&mediaState=idle (reused)
Aug 08, 2021 14:55:53.895 [0x76c80dcc] DEBUG - Downloading document http://127.0.0.1:32400/library/changestamp
Aug 08, 2021 14:55:53.896 [0x76c80dcc] DEBUG - HTTP requesting GET http://127.0.0.1:32400/library/changestamp
Aug 08, 2021 14:55:53.899 [0x76c80dcc] DEBUG - HTTP/1.1 (0.0s) 200 response from GET http://127.0.0.1:32400/library/changestamp (reused)
Aug 08, 2021 14:55:53.900 [0x76c80dcc] DEBUG - Updating metadata item (save) (Hot Girl) with ID 1279
Aug 08, 2021 14:55:53.906 [0x73ddfd50] DEBUG - HTTP requesting GET http://127.0.0.1:32400/:/metadata/flushMetadataCounterCache?metadataItemID=1272
Aug 08, 2021 14:55:53.910 [0x73ddfd50] DEBUG - HTTP/1.1 (0.0s) 200 response from GET http://127.0.0.1:32400/:/metadata/flushMetadataCounterCache?metadataItemID=1272 (reused)
