Aug 08, 2021 14:55:38.781 [0x747fad50] INFO - Plex Media Scanner v1.23.5.4862-0f739d462 - Docker Docker Container (LinuxServer.io) armv7l - build: linux-armv7neon - GMT 01:00
Aug 08, 2021 14:55:38.782 [0x747fad50] INFO - Linux version: 4.19.66-v7+, language: en-US
Aug 08, 2021 14:55:38.782 [0x747fad50] INFO - Processor Arm
Aug 08, 2021 14:55:38.782 [0x747fad50] INFO - /usr/lib/plexmediaserver/Plex Media Scanner --analyze --log-file-suffix  Analysis --no-thumbs --item 1238
Aug 08, 2021 14:55:38.774 [0x76cd8dcc] DEBUG - Opening 20 database sessions to library (com.plexapp.plugins.library), SQLite 3.35.5, threadsafe=1
Aug 08, 2021 14:55:39.625 [0x76cd8dcc] DEBUG - Analyzing media parts for item 1238 (When Harry Met Sally...): 2660
Aug 08, 2021 14:55:39.636 [0x76cd8dcc] DEBUG - Downloading document http://127.0.0.1:32400/library/changestamp
Aug 08, 2021 14:55:39.636 [0x76cd8dcc] DEBUG - HTTP requesting GET http://127.0.0.1:32400/library/changestamp
Aug 08, 2021 14:55:39.646 [0x76cd8dcc] DEBUG - HTTP/1.1 (0.0s) 200 response from GET http://127.0.0.1:32400/library/changestamp
Aug 08, 2021 14:55:39.647 [0x76cd8dcc] DEBUG - Updating metadata item (save) (When Harry Met Sally...) with ID 1238
Aug 08, 2021 14:55:39.726 [0x76cd8dcc] DEBUG - [ID 2660] Media part analysis: /movies/When Harry Met Sally (1989)/When.Harry.Met.Sally....1989.mp4
Aug 08, 2021 14:55:39.729 [0x76cd8dcc] DEBUG - [MI] Opening input file: "/movies/When Harry Met Sally (1989)/When.Harry.Met.Sally....1989.mp4"
Aug 08, 2021 14:55:39.730 [0x76cd8dcc] DEBUG - [FFMPEG] - Opening '/movies/When Harry Met Sally (1989)/When.Harry.Met.Sally....1989.mp4' for reading
Aug 08, 2021 14:55:39.730 [0x76cd8dcc] DEBUG - [FFMPEG] - Setting default whitelist 'file,crypto'
Aug 08, 2021 14:55:39.733 [0x76cd8dcc] DEBUG - [FFMPEG] - Format mov,mp4,m4a,3gp,3g2,mj2 probed with size=2048 and score=100
Aug 08, 2021 14:55:39.735 [0x76cd8dcc] DEBUG - [FFMPEG] - ISO: File Type Major Brand: isom
Aug 08, 2021 14:55:39.739 [0x76cd8dcc] DEBUG - [FFMPEG] - Unknown dref type 0x206c7275 size 12
Aug 08, 2021 14:55:39.910 [0x76cd8dcc] DEBUG - [FFMPEG] - Processing st: 0, edit list 0 - media time: 2002, duration: 137587464
Aug 08, 2021 14:55:39.971 [0x76cd8dcc] DEBUG - [FFMPEG] - Offset DTS by 2002 to make first pts zero.
Aug 08, 2021 14:55:39.992 [0x76cd8dcc] DEBUG - [FFMPEG] - Setting codecpar->delay to 2 for stream st: 0
Aug 08, 2021 14:55:39.993 [0x76cd8dcc] DEBUG - [FFMPEG] - Unknown dref type 0x206c7275 size 12
Aug 08, 2021 14:55:40.258 [0x76cd8dcc] DEBUG - [FFMPEG] - Processing st: 1, edit list 0 - media time: 2048, duration: 275185152
Aug 08, 2021 14:55:40.258 [0x76cd8dcc] DEBUG - [FFMPEG] - drop a frame at curr_cts: 0 @ 0
Aug 08, 2021 14:55:40.258 [0x76cd8dcc] DEBUG - [FFMPEG] - drop a frame at curr_cts: 1024 @ 1
Aug 08, 2021 14:55:40.435 [0x76cd8dcc] DEBUG - [FFMPEG] - Before avformat_find_stream_info() pos: 4906288 bytes read:4913360 seeks:0 nb_streams:2
Aug 08, 2021 14:55:40.438 [0x76cd8dcc] DEBUG - [FFMPEG] - nal_unit_type: 7(SPS), nal_ref_idc: 3
Aug 08, 2021 14:55:40.438 [0x76cd8dcc] DEBUG - [FFMPEG] - nal_unit_type: 8(PPS), nal_ref_idc: 3
Aug 08, 2021 14:55:40.439 [0x76cd8dcc] DEBUG - [FFMPEG] - nal_unit_type: 6(SEI), nal_ref_idc: 0
Aug 08, 2021 14:55:40.439 [0x76cd8dcc] DEBUG - [FFMPEG] - nal_unit_type: 5(IDR), nal_ref_idc: 3
Aug 08, 2021 14:55:40.439 [0x76cd8dcc] DEBUG - [FFMPEG] - Format yuv420p chosen by get_format().
Aug 08, 2021 14:55:40.470 [0x76cd8dcc] DEBUG - [FFMPEG] - no picture 
Aug 08, 2021 14:55:40.523 [0x76cd8dcc] DEBUG - [FFMPEG] - demuxer injecting skip 2048 / discard 0
Aug 08, 2021 14:55:40.541 [0x76cd8dcc] DEBUG - [FFMPEG] - All info found
Aug 08, 2021 14:55:40.566 [0x76cd8dcc] DEBUG - [FFMPEG] - After avformat_find_stream_info() pos: 4907474 bytes read:4913360 seeks:0 frames:2
Aug 08, 2021 14:55:40.566 [0x76cd8dcc] DEBUG - [MI] Opening "/movies/When Harry Met Sally (1989)/When.Harry.Met.Sally....1989.mp4" for MP4 atom parsing
Aug 08, 2021 14:55:40.567 [0x76cd8dcc] DEBUG - Mp4AtomParser: Skipping ftyp atom of size 32 at offset 0
Aug 08, 2021 14:55:40.567 [0x76cd8dcc] DEBUG - Mp4AtomParser: Found moov atom of size 4906240 at offset 32
Aug 08, 2021 14:55:40.591 [0x76cd8dcc] DEBUG - Mp4AtomParser: Found trak atom of size 2086780 at offset 148
Aug 08, 2021 14:55:40.591 [0x76cd8dcc] DEBUG - Mp4AtomParser: Found trak atom of size 2819246 at offset 2086928
Aug 08, 2021 14:55:40.591 [0x76cd8dcc] DEBUG - Mp4AtomParser: Found mdia atom of size 2086644 at offset 284
Aug 08, 2021 14:55:40.591 [0x76cd8dcc] DEBUG - Mp4AtomParser: Found minf atom of size 2086559 at offset 369
Aug 08, 2021 14:55:40.591 [0x76cd8dcc] DEBUG - Mp4AtomParser: Found stbl atom of size 2086495 at offset 433
Aug 08, 2021 14:55:40.591 [0x76cd8dcc] DEBUG - Mp4AtomParser: Found mdia atom of size 2819110 at offset 2087064
Aug 08, 2021 14:55:40.591 [0x76cd8dcc] DEBUG - Mp4AtomParser: Found minf atom of size 2819025 at offset 2087149
Aug 08, 2021 14:55:40.591 [0x76cd8dcc] DEBUG - Mp4AtomParser: Found stbl atom of size 2818965 at offset 2087209
Aug 08, 2021 14:55:40.595 [0x76cd8dcc] DEBUG - [MI]  * 1c742b1b14b5817827663671091f2809f9d4c19f [mp4 h264/aac] Duration: 5733067ms, 1920x1024 (1.875000) 23.976fps, bitrate=2269kbps, audio channels=2, optimizedForStreaming=1 ("/movies/When Harry Met Sally (1989)/When.Harry.Met.Sally....1989.mp4")
Aug 08, 2021 14:55:40.595 [0x76cd8dcc] DEBUG - [MI] Chapters had generic titles, clearing.
Aug 08, 2021 14:55:40.599 [0x76cd8dcc] DEBUG - [MI] Closing input file: "/movies/When Harry Met Sally (1989)/When.Harry.Met.Sally....1989.mp4"
Aug 08, 2021 14:55:41.041 [0x76cd8dcc] DEBUG - Committing media stream changes for part 2660
Aug 08, 2021 14:55:41.045 [0x76cd8dcc] DEBUG - Updating media item 2660, size=1626472459, metadata_item_id=1238
Aug 08, 2021 14:55:41.046 [0x76cd8dcc] DEBUG - Updating part with ID=2660 [/movies/When Harry Met Sally (1989)/When.Harry.Met.Sally....1989.mp4]
Aug 08, 2021 14:55:41.048 [0x73e9fd50] DEBUG - HTTP requesting GET http://127.0.0.1:32400/:/metadata/notify/changeItemState?librarySectionID=1&metadataItemID=1238&metadataType=1&state=-1&parentID=-1&rootID=-1&mediaState=analyzing
Aug 08, 2021 14:55:41.055 [0x73e9fd50] DEBUG - HTTP/1.1 (0.0s) 200 response from GET http://127.0.0.1:32400/:/metadata/notify/changeItemState?librarySectionID=1&metadataItemID=1238&metadataType=1&state=-1&parentID=-1&rootID=-1&mediaState=analyzing (reused)
Aug 08, 2021 14:55:41.056 [0x73e9fd50] DEBUG - HTTP requesting GET http://127.0.0.1:32400/:/metadata/notify/changeItemState?librarySectionID=1&metadataItemID=1238&metadataType=1&state=-1&parentID=-1&rootID=-1&mediaState=idle
Aug 08, 2021 14:55:41.060 [0x73e9fd50] DEBUG - HTTP/1.1 (0.0s) 200 response from GET http://127.0.0.1:32400/:/metadata/notify/changeItemState?librarySectionID=1&metadataItemID=1238&metadataType=1&state=-1&parentID=-1&rootID=-1&mediaState=idle (reused)
Aug 08, 2021 14:55:41.067 [0x76cd8dcc] DEBUG - Downloading document http://127.0.0.1:32400/library/changestamp
Aug 08, 2021 14:55:41.067 [0x76cd8dcc] DEBUG - HTTP requesting GET http://127.0.0.1:32400/library/changestamp
Aug 08, 2021 14:55:41.083 [0x76cd8dcc] DEBUG - HTTP/1.1 (0.0s) 200 response from GET http://127.0.0.1:32400/library/changestamp (reused)
Aug 08, 2021 14:55:41.084 [0x76cd8dcc] DEBUG - Updating metadata item (save) (When Harry Met Sally...) with ID 1238
