Aug 08, 2021 14:55:43.358 [0x7475ed50] INFO - Plex Media Scanner v1.23.5.4862-0f739d462 - Docker Docker Container (LinuxServer.io) armv7l - build: linux-armv7neon - GMT 01:00
Aug 08, 2021 14:55:43.359 [0x7475ed50] INFO - Linux version: 4.19.66-v7+, language: en-US
Aug 08, 2021 14:55:43.359 [0x7475ed50] INFO - Processor Arm
Aug 08, 2021 14:55:43.359 [0x7475ed50] INFO - /usr/lib/plexmediaserver/Plex Media Scanner --match --type 1 --log-file-suffix  Matcher --item 1240
Aug 08, 2021 14:55:43.351 [0x76c3cdcc] DEBUG - Opening 20 database sessions to library (com.plexapp.plugins.library), SQLite 3.35.5, threadsafe=1
Aug 08, 2021 14:55:44.311 [0x76c3cdcc] DEBUG - [MI] Opening input file: "/movies/Wild Child (2008)/Wild.Child.2008.mp4"
Aug 08, 2021 14:55:44.312 [0x76c3cdcc] DEBUG - [FFMPEG] - Opening '/movies/Wild Child (2008)/Wild.Child.2008.mp4' for reading
Aug 08, 2021 14:55:44.313 [0x76c3cdcc] DEBUG - [FFMPEG] - Setting default whitelist 'file,crypto'
Aug 08, 2021 14:55:44.315 [0x76c3cdcc] DEBUG - [FFMPEG] - Format mov,mp4,m4a,3gp,3g2,mj2 probed with size=2048 and score=100
Aug 08, 2021 14:55:44.316 [0x76c3cdcc] DEBUG - [FFMPEG] - ISO: File Type Major Brand: isom
Aug 08, 2021 14:55:44.317 [0x76c3cdcc] DEBUG - [FFMPEG] - Unknown dref type 0x206c7275 size 12
Aug 08, 2021 14:55:44.539 [0x76c3cdcc] DEBUG - [FFMPEG] - Processing st: 0, edit list 0 - media time: -1, duration: 3528
Aug 08, 2021 14:55:44.539 [0x76c3cdcc] DEBUG - [FFMPEG] - Processing st: 0, edit list 1 - media time: 0, duration: 249722175
Aug 08, 2021 14:55:44.610 [0x76c3cdcc] DEBUG - [FFMPEG] - Unknown dref type 0x206c7275 size 12
Aug 08, 2021 14:55:44.737 [0x76c3cdcc] DEBUG - [FFMPEG] - Processing st: 1, edit list 0 - media time: 0, duration: 584470980
Aug 08, 2021 14:55:44.737 [0x76c3cdcc] WARN - [FFMPEG] - st: 1 edit list: 1 Missing key frame while searching for timestamp: 0
Aug 08, 2021 14:55:44.737 [0x76c3cdcc] WARN - [FFMPEG] - st: 1 edit list 1 Cannot find an index entry before timestamp: 0.
Aug 08, 2021 14:55:44.810 [0x76c3cdcc] DEBUG - [FFMPEG] - Offset DTS by 7200 to make first pts zero.
Aug 08, 2021 14:55:44.836 [0x76c3cdcc] DEBUG - [FFMPEG] - Setting codecpar->delay to 2 for stream st: 1
Aug 08, 2021 14:55:44.840 [0x76c3cdcc] DEBUG - [FFMPEG] - Before avformat_find_stream_info() pos: 4939789 bytes read:4963266 seeks:0 nb_streams:2
Aug 08, 2021 14:55:44.843 [0x76c3cdcc] DEBUG - [FFMPEG] - nal_unit_type: 7(SPS), nal_ref_idc: 3
Aug 08, 2021 14:55:44.843 [0x76c3cdcc] DEBUG - [FFMPEG] - nal_unit_type: 8(PPS), nal_ref_idc: 3
Aug 08, 2021 14:55:44.843 [0x76c3cdcc] DEBUG - [FFMPEG] - nal_unit_type: 6(SEI), nal_ref_idc: 0
Aug 08, 2021 14:55:44.844 [0x76c3cdcc] DEBUG - [FFMPEG] - nal_unit_type: 5(IDR), nal_ref_idc: 3
Aug 08, 2021 14:55:44.844 [0x76c3cdcc] DEBUG - [FFMPEG] - Format yuv420p chosen by get_format().
Aug 08, 2021 14:55:44.847 [0x76c3cdcc] DEBUG - [FFMPEG] - no picture 
Aug 08, 2021 14:55:44.852 [0x76c3cdcc] DEBUG - [FFMPEG] - nal_unit_type: 1(Coded slice of a non-IDR picture), nal_ref_idc: 2
Aug 08, 2021 14:55:44.854 [0x76c3cdcc] DEBUG - [FFMPEG] - no picture 
Aug 08, 2021 14:55:44.859 [0x76c3cdcc] DEBUG - [FFMPEG] - probing stream 0 pp:2500
Aug 08, 2021 14:55:44.860 [0x76c3cdcc] DEBUG - [FFMPEG] - Probe with size=417, packets=1 detected mp2 with score=1
Aug 08, 2021 14:55:44.860 [0x76c3cdcc] DEBUG - [FFMPEG] - probing stream 0 pp:2499
Aug 08, 2021 14:55:44.860 [0x76c3cdcc] DEBUG - [FFMPEG] - Probe with size=834, packets=2 detected mp2 with score=5
Aug 08, 2021 14:55:44.860 [0x76c3cdcc] DEBUG - [FFMPEG] - probing stream 0 pp:2498
Aug 08, 2021 14:55:44.863 [0x76c3cdcc] DEBUG - [FFMPEG] - Probe with size=1251, packets=3 detected mp2 with score=5
Aug 08, 2021 14:55:44.863 [0x76c3cdcc] DEBUG - [FFMPEG] - probing stream 0 pp:2497
Aug 08, 2021 14:55:44.863 [0x76c3cdcc] DEBUG - [FFMPEG] - probing stream 0 pp:2496
Aug 08, 2021 14:55:44.869 [0x76c3cdcc] DEBUG - [FFMPEG] - Probe with size=2085, packets=5 detected mp2 with score=25
Aug 08, 2021 14:55:44.870 [0x76c3cdcc] DEBUG - [FFMPEG] - probed stream 0
Aug 08, 2021 14:55:44.870 [0x76c3cdcc] DEBUG - [FFMPEG] - nal_unit_type: 1(Coded slice of a non-IDR picture), nal_ref_idc: 2
Aug 08, 2021 14:55:44.882 [0x76c3cdcc] DEBUG - [FFMPEG] - All info found
Aug 08, 2021 14:55:44.882 [0x76c3cdcc] DEBUG - [FFMPEG] - After avformat_find_stream_info() pos: 4942771 bytes read:4963266 seeks:0 frames:5
Aug 08, 2021 14:55:44.883 [0x76c3cdcc] DEBUG - [FFMPEG] - nal_unit_type: 7(SPS), nal_ref_idc: 3
Aug 08, 2021 14:55:44.884 [0x76c3cdcc] DEBUG - [FFMPEG] - nal_unit_type: 8(PPS), nal_ref_idc: 3
Aug 08, 2021 14:55:44.885 [0x76c3cdcc] DEBUG - [MI] Closing input file: "/movies/Wild Child (2008)/Wild.Child.2008.mp4"
Aug 08, 2021 14:55:44.901 [0x76c3cdcc] DEBUG - Matcher: found 0 auxiliary files in "/movies/Wild Child (2008)" (single media: yes)
Aug 08, 2021 14:55:44.902 [0x76c3cdcc] DEBUG - Matcher: no sidecar subtitle files found for "/movies/Wild Child (2008)/Wild.Child.2008.mp4"
Aug 08, 2021 14:55:44.905 [0x76c3cdcc] DEBUG - Matcher: no valid subtitles found, removing any existing media bundle file
