Aug 08, 2021 14:55:53.781 [0x747a4d50] INFO - Plex Media Scanner v1.23.5.4862-0f739d462 - Docker Docker Container (LinuxServer.io) armv7l - build: linux-armv7neon - GMT 01:00
Aug 08, 2021 14:55:53.783 [0x747a4d50] INFO - Linux version: 4.19.66-v7+, language: en-US
Aug 08, 2021 14:55:53.783 [0x747a4d50] INFO - Processor Arm
Aug 08, 2021 14:55:53.783 [0x747a4d50] INFO - /usr/lib/plexmediaserver/Plex Media Scanner --match --type 2 --log-file-suffix  Matcher --item 1266
Aug 08, 2021 14:55:53.784 [0x76c82dcc] DEBUG - Opening 20 database sessions to library (com.plexapp.plugins.library), SQLite 3.35.5, threadsafe=1
Aug 08, 2021 14:55:54.464 [0x76c82dcc] DEBUG - Matcher: found 0 auxiliary files for Season 1
Aug 08, 2021 14:55:54.479 [0x76c82dcc] DEBUG - [MI] Opening input file: "/tv/Come Fly With Me/Season 01/Come.Fly.With.Me.s01e01.mp4"
Aug 08, 2021 14:55:54.480 [0x76c82dcc] DEBUG - [FFMPEG] - Opening '/tv/Come Fly With Me/Season 01/Come.Fly.With.Me.s01e01.mp4' for reading
Aug 08, 2021 14:55:54.480 [0x76c82dcc] DEBUG - [FFMPEG] - Setting default whitelist 'file,crypto'
Aug 08, 2021 14:55:54.482 [0x76c82dcc] DEBUG - [FFMPEG] - Format mov,mp4,m4a,3gp,3g2,mj2 probed with size=2048 and score=100
Aug 08, 2021 14:55:54.483 [0x76c82dcc] DEBUG - [FFMPEG] - ISO: File Type Major Brand: isom
Aug 08, 2021 14:55:54.483 [0x76c82dcc] DEBUG - [FFMPEG] - Unknown dref type 0x206c7275 size 12
Aug 08, 2021 14:55:54.515 [0x76c82dcc] DEBUG - [FFMPEG] - Processing st: 0, edit list 0 - media time: 0, duration: 156690000
Aug 08, 2021 14:55:54.515 [0x76c82dcc] WARN - [FFMPEG] - st: 0 edit list: 1 Missing key frame while searching for timestamp: 0
Aug 08, 2021 14:55:54.515 [0x76c82dcc] WARN - [FFMPEG] - st: 0 edit list 1 Cannot find an index entry before timestamp: 0.
Aug 08, 2021 14:55:54.536 [0x76c82dcc] DEBUG - [FFMPEG] - Setting codecpar->delay to 2 for stream st: 0
Aug 08, 2021 14:55:54.536 [0x76c82dcc] DEBUG - [FFMPEG] - Unknown dref type 0x206c7275 size 12
Aug 08, 2021 14:55:54.580 [0x76c82dcc] DEBUG - [FFMPEG] - Processing st: 1, edit list 0 - media time: -1, duration: 353
Aug 08, 2021 14:55:54.580 [0x76c82dcc] DEBUG - [FFMPEG] - Processing st: 1, edit list 1 - media time: 0, duration: 76772950
Aug 08, 2021 14:55:54.592 [0x76c82dcc] DEBUG - [FFMPEG] - Before avformat_find_stream_info() pos: 1713222 bytes read:1726085 seeks:0 nb_streams:2
Aug 08, 2021 14:55:54.595 [0x76c82dcc] DEBUG - [FFMPEG] - nal_unit_type: 7(SPS), nal_ref_idc: 3
Aug 08, 2021 14:55:54.595 [0x76c82dcc] DEBUG - [FFMPEG] - nal_unit_type: 8(PPS), nal_ref_idc: 3
Aug 08, 2021 14:55:54.596 [0x76c82dcc] DEBUG - [FFMPEG] - nal_unit_type: 6(SEI), nal_ref_idc: 0
Aug 08, 2021 14:55:54.596 [0x76c82dcc] DEBUG - [FFMPEG] - nal_unit_type: 5(IDR), nal_ref_idc: 3
Aug 08, 2021 14:55:54.596 [0x76c82dcc] DEBUG - [FFMPEG] - Format yuv420p chosen by get_format().
Aug 08, 2021 14:55:54.598 [0x76c82dcc] DEBUG - [FFMPEG] - no picture 
Aug 08, 2021 14:55:54.610 [0x76c82dcc] DEBUG - [FFMPEG] - nal_unit_type: 1(Coded slice of a non-IDR picture), nal_ref_idc: 2
Aug 08, 2021 14:55:54.611 [0x76c82dcc] DEBUG - [FFMPEG] - no picture 
Aug 08, 2021 14:55:54.621 [0x76c82dcc] DEBUG - [FFMPEG] - nal_unit_type: 1(Coded slice of a non-IDR picture), nal_ref_idc: 2
Aug 08, 2021 14:55:54.629 [0x76c82dcc] DEBUG - [FFMPEG] - probing stream 1 pp:2500
Aug 08, 2021 14:55:54.629 [0x76c82dcc] DEBUG - [FFMPEG] - Probe with size=417, packets=1 detected mp2 with score=1
Aug 08, 2021 14:55:54.629 [0x76c82dcc] DEBUG - [FFMPEG] - probing stream 1 pp:2499
Aug 08, 2021 14:55:54.630 [0x76c82dcc] DEBUG - [FFMPEG] - Probe with size=834, packets=2 detected mp2 with score=5
Aug 08, 2021 14:55:54.630 [0x76c82dcc] DEBUG - [FFMPEG] - probing stream 1 pp:2498
Aug 08, 2021 14:55:54.630 [0x76c82dcc] DEBUG - [FFMPEG] - Probe with size=1251, packets=3 detected mp2 with score=5
Aug 08, 2021 14:55:54.630 [0x76c82dcc] DEBUG - [FFMPEG] - probing stream 1 pp:2497
Aug 08, 2021 14:55:54.630 [0x76c82dcc] DEBUG - [FFMPEG] - probing stream 1 pp:2496
Aug 08, 2021 14:55:54.631 [0x76c82dcc] DEBUG - [FFMPEG] - Probe with size=2085, packets=5 detected mp2 with score=25
Aug 08, 2021 14:55:54.631 [0x76c82dcc] DEBUG - [FFMPEG] - probed stream 1
Aug 08, 2021 14:55:54.631 [0x76c82dcc] DEBUG - [FFMPEG] - All info found
Aug 08, 2021 14:55:54.632 [0x76c82dcc] DEBUG - [FFMPEG] - After avformat_find_stream_info() pos: 1741091 bytes read:1758853 seeks:0 frames:5
Aug 08, 2021 14:55:54.633 [0x76c82dcc] DEBUG - [FFMPEG] - nal_unit_type: 7(SPS), nal_ref_idc: 3
Aug 08, 2021 14:55:54.633 [0x76c82dcc] DEBUG - [FFMPEG] - nal_unit_type: 8(PPS), nal_ref_idc: 3
Aug 08, 2021 14:55:54.634 [0x76c82dcc] DEBUG - [MI] Closing input file: "/tv/Come Fly With Me/Season 01/Come.Fly.With.Me.s01e01.mp4"
Aug 08, 2021 14:55:54.637 [0x76c82dcc] DEBUG - Matcher: no sidecar subtitle files found for /tv/Come Fly With Me/Season 01/Come.Fly.With.Me.s01e01.mp4
Aug 08, 2021 14:55:54.637 [0x76c82dcc] DEBUG - Matcher: no valid subtitles found, removing any existing media bundle file
Aug 08, 2021 14:55:54.638 [0x76c82dcc] DEBUG - [MI] Opening input file: "/tv/Come Fly With Me/Season 01/Come.Fly.With.Me.s01e02.mp4"
Aug 08, 2021 14:55:54.638 [0x76c82dcc] DEBUG - [FFMPEG] - Opening '/tv/Come Fly With Me/Season 01/Come.Fly.With.Me.s01e02.mp4' for reading
Aug 08, 2021 14:55:54.638 [0x76c82dcc] DEBUG - [FFMPEG] - Setting default whitelist 'file,crypto'
Aug 08, 2021 14:55:54.640 [0x76c82dcc] DEBUG - [FFMPEG] - Format mov,mp4,m4a,3gp,3g2,mj2 probed with size=2048 and score=100
Aug 08, 2021 14:55:54.641 [0x76c82dcc] DEBUG - [FFMPEG] - ISO: File Type Major Brand: isom
Aug 08, 2021 14:55:54.641 [0x76c82dcc] DEBUG - [FFMPEG] - Unknown dref type 0x206c7275 size 12
Aug 08, 2021 14:55:54.673 [0x76c82dcc] DEBUG - [FFMPEG] - Processing st: 0, edit list 0 - media time: 0, duration: 153504000
Aug 08, 2021 14:55:54.673 [0x76c82dcc] WARN - [FFMPEG] - st: 0 edit list: 1 Missing key frame while searching for timestamp: 0
Aug 08, 2021 14:55:54.673 [0x76c82dcc] WARN - [FFMPEG] - st: 0 edit list 1 Cannot find an index entry before timestamp: 0.
Aug 08, 2021 14:55:54.693 [0x76c82dcc] DEBUG - [FFMPEG] - Setting codecpar->delay to 4 for stream st: 0
Aug 08, 2021 14:55:54.693 [0x76c82dcc] DEBUG - [FFMPEG] - Unknown dref type 0x206c7275 size 12
Aug 08, 2021 14:55:54.737 [0x76c82dcc] DEBUG - [FFMPEG] - Processing st: 1, edit list 0 - media time: -1, duration: 3881
Aug 08, 2021 14:55:54.737 [0x76c82dcc] DEBUG - [FFMPEG] - Processing st: 1, edit list 1 - media time: 0, duration: 75204485
Aug 08, 2021 14:55:54.750 [0x76c82dcc] DEBUG - [FFMPEG] - Before avformat_find_stream_info() pos: 1683050 bytes read:1688929 seeks:0 nb_streams:2
Aug 08, 2021 14:55:54.751 [0x76c82dcc] DEBUG - [FFMPEG] - nal_unit_type: 7(SPS), nal_ref_idc: 3
Aug 08, 2021 14:55:54.751 [0x76c82dcc] DEBUG - [FFMPEG] - nal_unit_type: 8(PPS), nal_ref_idc: 3
Aug 08, 2021 14:55:54.752 [0x76c82dcc] DEBUG - [FFMPEG] - nal_unit_type: 6(SEI), nal_ref_idc: 0
Aug 08, 2021 14:55:54.752 [0x76c82dcc] DEBUG - [FFMPEG] - nal_unit_type: 5(IDR), nal_ref_idc: 3
Aug 08, 2021 14:55:54.752 [0x76c82dcc] DEBUG - [FFMPEG] - Format yuv420p chosen by get_format().
Aug 08, 2021 14:55:54.754 [0x76c82dcc] DEBUG - [FFMPEG] - no picture 
Aug 08, 2021 14:55:54.767 [0x76c82dcc] DEBUG - [FFMPEG] - nal_unit_type: 1(Coded slice of a non-IDR picture), nal_ref_idc: 2
Aug 08, 2021 14:55:54.768 [0x76c82dcc] DEBUG - [FFMPEG] - no picture 
Aug 08, 2021 14:55:54.778 [0x76c82dcc] DEBUG - [FFMPEG] - nal_unit_type: 1(Coded slice of a non-IDR picture), nal_ref_idc: 2
Aug 08, 2021 14:55:54.779 [0x76c82dcc] DEBUG - [FFMPEG] - no picture 
Aug 08, 2021 14:55:54.786 [0x76c82dcc] DEBUG - [FFMPEG] - probing stream 1 pp:2500
Aug 08, 2021 14:55:54.787 [0x76c82dcc] DEBUG - [FFMPEG] - Probe with size=417, packets=1 detected mp2 with score=1
Aug 08, 2021 14:55:54.787 [0x76c82dcc] DEBUG - [FFMPEG] - probing stream 1 pp:2499
Aug 08, 2021 14:55:54.787 [0x76c82dcc] DEBUG - [FFMPEG] - Probe with size=834, packets=2 detected mp2 with score=5
Aug 08, 2021 14:55:54.787 [0x76c82dcc] DEBUG - [FFMPEG] - probing stream 1 pp:2498
Aug 08, 2021 14:55:54.788 [0x76c82dcc] DEBUG - [FFMPEG] - Probe with size=1251, packets=3 detected mp2 with score=5
Aug 08, 2021 14:55:54.788 [0x76c82dcc] DEBUG - [FFMPEG] - probing stream 1 pp:2497
Aug 08, 2021 14:55:54.788 [0x76c82dcc] DEBUG - [FFMPEG] - probing stream 1 pp:2496
Aug 08, 2021 14:55:54.789 [0x76c82dcc] DEBUG - [FFMPEG] - Probe with size=2085, packets=5 detected mp2 with score=25
Aug 08, 2021 14:55:54.789 [0x76c82dcc] DEBUG - [FFMPEG] - probed stream 1
Aug 08, 2021 14:55:54.789 [0x76c82dcc] DEBUG - [FFMPEG] - All info found
Aug 08, 2021 14:55:54.790 [0x76c82dcc] DEBUG - [FFMPEG] - After avformat_find_stream_info() pos: 1713841 bytes read:1721697 seeks:0 frames:5
Aug 08, 2021 14:55:54.791 [0x76c82dcc] DEBUG - [FFMPEG] - nal_unit_type: 7(SPS), nal_ref_idc: 3
Aug 08, 2021 14:55:54.791 [0x76c82dcc] DEBUG - [FFMPEG] - nal_unit_type: 8(PPS), nal_ref_idc: 3
Aug 08, 2021 14:55:54.791 [0x76c82dcc] DEBUG - [MI] Closing input file: "/tv/Come Fly With Me/Season 01/Come.Fly.With.Me.s01e02.mp4"
Aug 08, 2021 14:55:54.794 [0x76c82dcc] DEBUG - Matcher: no sidecar subtitle files found for /tv/Come Fly With Me/Season 01/Come.Fly.With.Me.s01e02.mp4
Aug 08, 2021 14:55:54.794 [0x76c82dcc] DEBUG - Matcher: no valid subtitles found, removing any existing media bundle file
Aug 08, 2021 14:55:54.795 [0x76c82dcc] DEBUG - [MI] Opening input file: "/tv/Come Fly With Me/Season 01/Come.Fly.With.Me.s01e03.mp4"
Aug 08, 2021 14:55:54.795 [0x76c82dcc] DEBUG - [FFMPEG] - Opening '/tv/Come Fly With Me/Season 01/Come.Fly.With.Me.s01e03.mp4' for reading
Aug 08, 2021 14:55:54.795 [0x76c82dcc] DEBUG - [FFMPEG] - Setting default whitelist 'file,crypto'
Aug 08, 2021 14:55:54.797 [0x76c82dcc] DEBUG - [FFMPEG] - Format mov,mp4,m4a,3gp,3g2,mj2 probed with size=2048 and score=100
Aug 08, 2021 14:55:54.797 [0x76c82dcc] DEBUG - [FFMPEG] - ISO: File Type Major Brand: isom
Aug 08, 2021 14:55:54.798 [0x76c82dcc] DEBUG - [FFMPEG] - Unknown dref type 0x206c7275 size 12
Aug 08, 2021 14:55:54.830 [0x76c82dcc] DEBUG - [FFMPEG] - Processing st: 0, edit list 0 - media time: 0, duration: 151048800
Aug 08, 2021 14:55:54.830 [0x76c82dcc] WARN - [FFMPEG] - st: 0 edit list: 1 Missing key frame while searching for timestamp: 0
Aug 08, 2021 14:55:54.830 [0x76c82dcc] WARN - [FFMPEG] - st: 0 edit list 1 Cannot find an index entry before timestamp: 0.
Aug 08, 2021 14:55:54.851 [0x76c82dcc] DEBUG - [FFMPEG] - Setting codecpar->delay to 3 for stream st: 0
Aug 08, 2021 14:55:54.851 [0x76c82dcc] DEBUG - [FFMPEG] - Unknown dref type 0x206c7275 size 12
Aug 08, 2021 14:55:54.896 [0x76c82dcc] DEBUG - [FFMPEG] - Processing st: 1, edit list 0 - media time: -1, duration: 3881
Aug 08, 2021 14:55:54.896 [0x76c82dcc] DEBUG - [FFMPEG] - Processing st: 1, edit list 1 - media time: 0, duration: 74003648
Aug 08, 2021 14:55:54.908 [0x76c82dcc] DEBUG - [FFMPEG] - Before avformat_find_stream_info() pos: 1652702 bytes read:1678277 seeks:0 nb_streams:2
Aug 08, 2021 14:55:54.909 [0x76c82dcc] DEBUG - [FFMPEG] - nal_unit_type: 7(SPS), nal_ref_idc: 3
Aug 08, 2021 14:55:54.909 [0x76c82dcc] DEBUG - [FFMPEG] - nal_unit_type: 8(PPS), nal_ref_idc: 3
Aug 08, 2021 14:55:54.910 [0x76c82dcc] DEBUG - [FFMPEG] - nal_unit_type: 6(SEI), nal_ref_idc: 0
Aug 08, 2021 14:55:54.910 [0x76c82dcc] DEBUG - [FFMPEG] - nal_unit_type: 5(IDR), nal_ref_idc: 3
Aug 08, 2021 14:55:54.910 [0x76c82dcc] DEBUG - [FFMPEG] - Format yuv420p chosen by get_format().
Aug 08, 2021 14:55:54.912 [0x76c82dcc] DEBUG - [FFMPEG] - no picture 
Aug 08, 2021 14:55:54.924 [0x76c82dcc] DEBUG - [FFMPEG] - nal_unit_type: 1(Coded slice of a non-IDR picture), nal_ref_idc: 2
Aug 08, 2021 14:55:54.925 [0x76c82dcc] DEBUG - [FFMPEG] - no picture 
Aug 08, 2021 14:55:54.934 [0x76c82dcc] DEBUG - [FFMPEG] - nal_unit_type: 1(Coded slice of a non-IDR picture), nal_ref_idc: 2
Aug 08, 2021 14:55:54.935 [0x76c82dcc] DEBUG - [FFMPEG] - no picture 
Aug 08, 2021 14:55:54.942 [0x76c82dcc] DEBUG - [FFMPEG] - probing stream 1 pp:2500
Aug 08, 2021 14:55:54.943 [0x76c82dcc] DEBUG - [FFMPEG] - Probe with size=417, packets=1 detected mp2 with score=1
Aug 08, 2021 14:55:54.943 [0x76c82dcc] DEBUG - [FFMPEG] - probing stream 1 pp:2499
Aug 08, 2021 14:55:54.943 [0x76c82dcc] DEBUG - [FFMPEG] - Probe with size=834, packets=2 detected mp2 with score=5
Aug 08, 2021 14:55:54.943 [0x76c82dcc] DEBUG - [FFMPEG] - probing stream 1 pp:2498
Aug 08, 2021 14:55:54.944 [0x76c82dcc] DEBUG - [FFMPEG] - Probe with size=1251, packets=3 detected mp2 with score=5
Aug 08, 2021 14:55:54.944 [0x76c82dcc] DEBUG - [FFMPEG] - probing stream 1 pp:2497
Aug 08, 2021 14:55:54.944 [0x76c82dcc] DEBUG - [FFMPEG] - probing stream 1 pp:2496
Aug 08, 2021 14:55:54.945 [0x76c82dcc] DEBUG - [FFMPEG] - Probe with size=2085, packets=5 detected mp2 with score=25
Aug 08, 2021 14:55:54.945 [0x76c82dcc] DEBUG - [FFMPEG] - probed stream 1
Aug 08, 2021 14:55:54.945 [0x76c82dcc] DEBUG - [FFMPEG] - All info found
Aug 08, 2021 14:55:54.946 [0x76c82dcc] DEBUG - [FFMPEG] - After avformat_find_stream_info() pos: 1683243 bytes read:1711045 seeks:0 frames:5
Aug 08, 2021 14:55:54.947 [0x76c82dcc] DEBUG - [FFMPEG] - nal_unit_type: 7(SPS), nal_ref_idc: 3
Aug 08, 2021 14:55:54.947 [0x76c82dcc] DEBUG - [FFMPEG] - nal_unit_type: 8(PPS), nal_ref_idc: 3
Aug 08, 2021 14:55:54.948 [0x76c82dcc] DEBUG - [MI] Closing input file: "/tv/Come Fly With Me/Season 01/Come.Fly.With.Me.s01e03.mp4"
Aug 08, 2021 14:55:54.951 [0x76c82dcc] DEBUG - Matcher: no sidecar subtitle files found for /tv/Come Fly With Me/Season 01/Come.Fly.With.Me.s01e03.mp4
Aug 08, 2021 14:55:54.951 [0x76c82dcc] DEBUG - Matcher: no valid subtitles found, removing any existing media bundle file
Aug 08, 2021 14:55:54.951 [0x76c82dcc] DEBUG - [MI] Opening input file: "/tv/Come Fly With Me/Season 01/Come.Fly.With.Me.s01e04.mp4"
Aug 08, 2021 14:55:54.952 [0x76c82dcc] DEBUG - [FFMPEG] - Opening '/tv/Come Fly With Me/Season 01/Come.Fly.With.Me.s01e04.mp4' for reading
Aug 08, 2021 14:55:54.952 [0x76c82dcc] DEBUG - [FFMPEG] - Setting default whitelist 'file,crypto'
Aug 08, 2021 14:55:54.954 [0x76c82dcc] DEBUG - [FFMPEG] - Format mov,mp4,m4a,3gp,3g2,mj2 probed with size=2048 and score=100
Aug 08, 2021 14:55:54.958 [0x76c82dcc] DEBUG - [FFMPEG] - ISO: File Type Major Brand: isom
Aug 08, 2021 14:55:54.958 [0x76c82dcc] DEBUG - [FFMPEG] - Unknown dref type 0x206c7275 size 12
Aug 08, 2021 14:55:55.020 [0x76c82dcc] DEBUG - [FFMPEG] - Processing st: 0, edit list 0 - media time: -1, duration: 3881
Aug 08, 2021 14:55:55.021 [0x76c82dcc] DEBUG - [FFMPEG] - Processing st: 0, edit list 1 - media time: 0, duration: 74481909
Aug 08, 2021 14:55:55.034 [0x76c82dcc] DEBUG - [FFMPEG] - Unknown dref type 0x206c7275 size 12
Aug 08, 2021 14:55:55.072 [0x76c82dcc] DEBUG - [FFMPEG] - Processing st: 1, edit list 0 - media time: 0, duration: 152028000
Aug 08, 2021 14:55:55.072 [0x76c82dcc] WARN - [FFMPEG] - st: 1 edit list: 1 Missing key frame while searching for timestamp: 0
Aug 08, 2021 14:55:55.072 [0x76c82dcc] WARN - [FFMPEG] - st: 1 edit list 1 Cannot find an index entry before timestamp: 0.
Aug 08, 2021 14:55:55.094 [0x76c82dcc] DEBUG - [FFMPEG] - Setting codecpar->delay to 3 for stream st: 1
Aug 08, 2021 14:55:55.101 [0x76c82dcc] DEBUG - [FFMPEG] - Before avformat_find_stream_info() pos: 1668706 bytes read:1696374 seeks:0 nb_streams:2
Aug 08, 2021 14:55:55.102 [0x76c82dcc] DEBUG - [FFMPEG] - nal_unit_type: 7(SPS), nal_ref_idc: 3
Aug 08, 2021 14:55:55.102 [0x76c82dcc] DEBUG - [FFMPEG] - nal_unit_type: 8(PPS), nal_ref_idc: 3
Aug 08, 2021 14:55:55.103 [0x76c82dcc] DEBUG - [FFMPEG] - nal_unit_type: 6(SEI), nal_ref_idc: 0
Aug 08, 2021 14:55:55.104 [0x76c82dcc] DEBUG - [FFMPEG] - nal_unit_type: 5(IDR), nal_ref_idc: 3
Aug 08, 2021 14:55:55.105 [0x76c82dcc] DEBUG - [FFMPEG] - Format yuv420p chosen by get_format().
Aug 08, 2021 14:55:55.107 [0x76c82dcc] DEBUG - [FFMPEG] - no picture 
Aug 08, 2021 14:55:55.120 [0x76c82dcc] DEBUG - [FFMPEG] - nal_unit_type: 1(Coded slice of a non-IDR picture), nal_ref_idc: 2
Aug 08, 2021 14:55:55.122 [0x76c82dcc] DEBUG - [FFMPEG] - no picture 
Aug 08, 2021 14:55:55.137 [0x76c82dcc] DEBUG - [FFMPEG] - nal_unit_type: 1(Coded slice of a non-IDR picture), nal_ref_idc: 2
Aug 08, 2021 14:55:55.138 [0x76c82dcc] DEBUG - [FFMPEG] - no picture 
Aug 08, 2021 14:55:55.147 [0x76c82dcc] DEBUG - [FFMPEG] - probing stream 0 pp:2500
Aug 08, 2021 14:55:55.148 [0x76c82dcc] DEBUG - [FFMPEG] - Probe with size=417, packets=1 detected mp2 with score=1
Aug 08, 2021 14:55:55.149 [0x76c82dcc] DEBUG - [FFMPEG] - probing stream 0 pp:2499
Aug 08, 2021 14:55:55.149 [0x76c82dcc] DEBUG - [FFMPEG] - Probe with size=834, packets=2 detected mp2 with score=5
Aug 08, 2021 14:55:55.149 [0x76c82dcc] DEBUG - [FFMPEG] - probing stream 0 pp:2498
Aug 08, 2021 14:55:55.150 [0x76c82dcc] DEBUG - [FFMPEG] - Probe with size=1251, packets=3 detected mp2 with score=5
Aug 08, 2021 14:55:55.151 [0x76c82dcc] DEBUG - [FFMPEG] - probing stream 0 pp:2497
Aug 08, 2021 14:55:55.151 [0x76c82dcc] DEBUG - [FFMPEG] - probing stream 0 pp:2496
Aug 08, 2021 14:55:55.152 [0x76c82dcc] DEBUG - [FFMPEG] - Probe with size=2085, packets=5 detected mp2 with score=25
Aug 08, 2021 14:55:55.152 [0x76c82dcc] DEBUG - [FFMPEG] - probed stream 0
Aug 08, 2021 14:55:55.154 [0x76c82dcc] DEBUG - [FFMPEG] - All info found
Aug 08, 2021 14:55:55.155 [0x76c82dcc] DEBUG - [FFMPEG] - After avformat_find_stream_info() pos: 1700128 bytes read:1729142 seeks:0 frames:5
Aug 08, 2021 14:55:55.155 [0x76c82dcc] DEBUG - [FFMPEG] - nal_unit_type: 7(SPS), nal_ref_idc: 3
Aug 08, 2021 14:55:55.156 [0x76c82dcc] DEBUG - [FFMPEG] - nal_unit_type: 8(PPS), nal_ref_idc: 3
Aug 08, 2021 14:55:55.156 [0x76c82dcc] DEBUG - [MI] Closing input file: "/tv/Come Fly With Me/Season 01/Come.Fly.With.Me.s01e04.mp4"
Aug 08, 2021 14:55:55.162 [0x76c82dcc] DEBUG - Matcher: no sidecar subtitle files found for /tv/Come Fly With Me/Season 01/Come.Fly.With.Me.s01e04.mp4
Aug 08, 2021 14:55:55.163 [0x76c82dcc] DEBUG - Matcher: no valid subtitles found, removing any existing media bundle file
Aug 08, 2021 14:55:55.163 [0x76c82dcc] DEBUG - [MI] Opening input file: "/tv/Come Fly With Me/Season 01/Come.Fly.With.Me.s01e05.mp4"
Aug 08, 2021 14:55:55.163 [0x76c82dcc] DEBUG - [FFMPEG] - Opening '/tv/Come Fly With Me/Season 01/Come.Fly.With.Me.s01e05.mp4' for reading
Aug 08, 2021 14:55:55.163 [0x76c82dcc] DEBUG - [FFMPEG] - Setting default whitelist 'file,crypto'
Aug 08, 2021 14:55:55.167 [0x76c82dcc] DEBUG - [FFMPEG] - Format mov,mp4,m4a,3gp,3g2,mj2 probed with size=2048 and score=100
Aug 08, 2021 14:55:55.167 [0x76c82dcc] DEBUG - [FFMPEG] - ISO: File Type Major Brand: isom
Aug 08, 2021 14:55:55.167 [0x76c82dcc] DEBUG - [FFMPEG] - Unknown dref type 0x206c7275 size 12
Aug 08, 2021 14:55:55.198 [0x76c82dcc] DEBUG - [FFMPEG] - Processing st: 0, edit list 0 - media time: 0, duration: 151196400
Aug 08, 2021 14:55:55.198 [0x76c82dcc] WARN - [FFMPEG] - st: 0 edit list: 1 Missing key frame while searching for timestamp: 0
Aug 08, 2021 14:55:55.199 [0x76c82dcc] WARN - [FFMPEG] - st: 0 edit list 1 Cannot find an index entry before timestamp: 0.
Aug 08, 2021 14:55:55.218 [0x76c82dcc] DEBUG - [FFMPEG] - Setting codecpar->delay to 2 for stream st: 0
Aug 08, 2021 14:55:55.219 [0x76c82dcc] DEBUG - [FFMPEG] - Unknown dref type 0x206c7275 size 12
Aug 08, 2021 14:55:55.261 [0x76c82dcc] DEBUG - [FFMPEG] - Processing st: 1, edit list 0 - media time: -1, duration: 353
Aug 08, 2021 14:55:55.261 [0x76c82dcc] DEBUG - [FFMPEG] - Processing st: 1, edit list 1 - media time: 0, duration: 74079709
Aug 08, 2021 14:55:55.273 [0x76c82dcc] DEBUG - [FFMPEG] - Before avformat_find_stream_info() pos: 1664686 bytes read:1688557 seeks:0 nb_streams:2
Aug 08, 2021 14:55:55.274 [0x76c82dcc] DEBUG - [FFMPEG] - nal_unit_type: 7(SPS), nal_ref_idc: 3
Aug 08, 2021 14:55:55.274 [0x76c82dcc] DEBUG - [FFMPEG] - nal_unit_type: 8(PPS), nal_ref_idc: 3
Aug 08, 2021 14:55:55.275 [0x76c82dcc] DEBUG - [FFMPEG] - nal_unit_type: 6(SEI), nal_ref_idc: 0
Aug 08, 2021 14:55:55.275 [0x76c82dcc] DEBUG - [FFMPEG] - nal_unit_type: 5(IDR), nal_ref_idc: 3
Aug 08, 2021 14:55:55.275 [0x76c82dcc] DEBUG - [FFMPEG] - Format yuv420p chosen by get_format().
Aug 08, 2021 14:55:55.276 [0x76c82dcc] DEBUG - [FFMPEG] - no picture 
Aug 08, 2021 14:55:55.288 [0x76c82dcc] DEBUG - [FFMPEG] - nal_unit_type: 1(Coded slice of a non-IDR picture), nal_ref_idc: 2
Aug 08, 2021 14:55:55.289 [0x76c82dcc] DEBUG - [FFMPEG] - no picture 
Aug 08, 2021 14:55:55.298 [0x76c82dcc] DEBUG - [FFMPEG] - nal_unit_type: 1(Coded slice of a non-IDR picture), nal_ref_idc: 0
Aug 08, 2021 14:55:55.306 [0x76c82dcc] DEBUG - [FFMPEG] - probing stream 1 pp:2500
Aug 08, 2021 14:55:55.306 [0x76c82dcc] DEBUG - [FFMPEG] - probing stream 1 pp:2499
Aug 08, 2021 14:55:55.307 [0x76c82dcc] DEBUG - [FFMPEG] - Probe with size=834, packets=2 detected mp2 with score=5
Aug 08, 2021 14:55:55.307 [0x76c82dcc] DEBUG - [FFMPEG] - probing stream 1 pp:2498
Aug 08, 2021 14:55:55.307 [0x76c82dcc] DEBUG - [FFMPEG] - Probe with size=1251, packets=3 detected mp2 with score=5
Aug 08, 2021 14:55:55.307 [0x76c82dcc] DEBUG - [FFMPEG] - probing stream 1 pp:2497
Aug 08, 2021 14:55:55.307 [0x76c82dcc] DEBUG - [FFMPEG] - probing stream 1 pp:2496
Aug 08, 2021 14:55:55.308 [0x76c82dcc] DEBUG - [FFMPEG] - Probe with size=2085, packets=5 detected mp2 with score=25
Aug 08, 2021 14:55:55.308 [0x76c82dcc] DEBUG - [FFMPEG] - probed stream 1
Aug 08, 2021 14:55:55.308 [0x76c82dcc] DEBUG - [FFMPEG] - All info found
Aug 08, 2021 14:55:55.309 [0x76c82dcc] DEBUG - [FFMPEG] - After avformat_find_stream_info() pos: 1694775 bytes read:1721325 seeks:0 frames:5
Aug 08, 2021 14:55:55.310 [0x76c82dcc] DEBUG - [FFMPEG] - nal_unit_type: 7(SPS), nal_ref_idc: 3
Aug 08, 2021 14:55:55.310 [0x76c82dcc] DEBUG - [FFMPEG] - nal_unit_type: 8(PPS), nal_ref_idc: 3
Aug 08, 2021 14:55:55.311 [0x76c82dcc] DEBUG - [MI] Closing input file: "/tv/Come Fly With Me/Season 01/Come.Fly.With.Me.s01e05.mp4"
Aug 08, 2021 14:55:55.314 [0x76c82dcc] DEBUG - Matcher: no sidecar subtitle files found for /tv/Come Fly With Me/Season 01/Come.Fly.With.Me.s01e05.mp4
Aug 08, 2021 14:55:55.314 [0x76c82dcc] DEBUG - Matcher: no valid subtitles found, removing any existing media bundle file
